{"/Users/steventruesdell/Projects/Boldr/main/packages/frontend/src/components/BoldrEditor/Renderer/index.js": {"path":"/Users/steventruesdell/Projects/Boldr/main/packages/frontend/src/components/BoldrEditor/Renderer/index.js","statementMap":{"0":{"start":{"line":4,"column":27},"end":{"line":27,"column":1}},"1":{"start":{"line":4,"column":60},"end":{"line":27,"column":1}},"2":{"start":{"line":5,"column":2},"end":{"line":10,"column":3}},"3":{"start":{"line":6,"column":30},"end":{"line":6,"column":87}},"4":{"start":{"line":7,"column":4},"end":{"line":9,"column":5}},"5":{"start":{"line":8,"column":6},"end":{"line":8,"column":31}},"6":{"start":{"line":11,"column":2},"end":{"line":25,"column":3}},"7":{"start":{"line":12,"column":25},"end":{"line":12,"column":68}},"8":{"start":{"line":13,"column":19},"end":{"line":13,"column":63}},"9":{"start":{"line":14,"column":4},"end":{"line":24,"column":5}},"10":{"start":{"line":15,"column":6},"end":{"line":18,"column":8}},"11":{"start":{"line":19,"column":11},"end":{"line":24,"column":5}},"12":{"start":{"line":20,"column":6},"end":{"line":23,"column":8}},"13":{"start":{"line":26,"column":2},"end":{"line":26,"column":19}}},"fnMap":{"0":{"name":"(anonymous_0)","decl":{"start":{"line":4,"column":27},"end":{"line":4,"column":28}},"loc":{"start":{"line":4,"column":60},"end":{"line":27,"column":1}},"line":4},"1":{"name":"(anonymous_1)","decl":{"start":{"line":4,"column":60},"end":{"line":4,"column":61}},"loc":{"start":{"line":4,"column":69},"end":{"line":27,"column":1}},"line":4}},"branchMap":{"0":{"loc":{"start":{"line":5,"column":2},"end":{"line":10,"column":3}},"type":"if","locations":[{"start":{"line":5,"column":2},"end":{"line":10,"column":3}},{"start":{"line":5,"column":2},"end":{"line":10,"column":3}}],"line":5},"1":{"loc":{"start":{"line":7,"column":4},"end":{"line":9,"column":5}},"type":"if","locations":[{"start":{"line":7,"column":4},"end":{"line":9,"column":5}},{"start":{"line":7,"column":4},"end":{"line":9,"column":5}}],"line":7},"2":{"loc":{"start":{"line":11,"column":2},"end":{"line":25,"column":3}},"type":"if","locations":[{"start":{"line":11,"column":2},"end":{"line":25,"column":3}},{"start":{"line":11,"column":2},"end":{"line":25,"column":3}}],"line":11},"3":{"loc":{"start":{"line":14,"column":4},"end":{"line":24,"column":5}},"type":"if","locations":[{"start":{"line":14,"column":4},"end":{"line":24,"column":5}},{"start":{"line":14,"column":4},"end":{"line":24,"column":5}}],"line":14},"4":{"loc":{"start":{"line":14,"column":8},"end":{"line":14,"column":41}},"type":"binary-expr","locations":[{"start":{"line":14,"column":8},"end":{"line":14,"column":14}},{"start":{"line":14,"column":18},"end":{"line":14,"column":41}}],"line":14},"5":{"loc":{"start":{"line":19,"column":11},"end":{"line":24,"column":5}},"type":"if","locations":[{"start":{"line":19,"column":11},"end":{"line":24,"column":5}},{"start":{"line":19,"column":11},"end":{"line":24,"column":5}}],"line":19},"6":{"loc":{"start":{"line":19,"column":15},"end":{"line":19,"column":56}},"type":"binary-expr","locations":[{"start":{"line":19,"column":15},"end":{"line":19,"column":21}},{"start":{"line":19,"column":25},"end":{"line":19,"column":56}}],"line":19}},"s":{"0":1,"1":4,"2":1,"3":0,"4":0,"5":0,"6":1,"7":0,"8":0,"9":0,"10":0,"11":0,"12":0,"13":1},"f":{"0":4,"1":1},"b":{"0":[0,1],"1":[0,0],"2":[0,1],"3":[0,0],"4":[0,0],"5":[0,0],"6":[0,0]},"_coverageSchema":"332fd63041d2c1bcb487cc26dd0d5f7d97098a6c","hash":"01884204b9d09def0e7ac46d43c3fbe40de04d46"}
,"/Users/steventruesdell/Projects/Boldr/main/packages/frontend/src/components/BoldrEditor/Renderer/EmbedRender/getEmbedRender.js": {"path":"/Users/steventruesdell/Projects/Boldr/main/packages/frontend/src/components/BoldrEditor/Renderer/EmbedRender/getEmbedRender.js","statementMap":{"0":{"start":{"line":9,"column":23},"end":{"line":22,"column":1}},"1":{"start":{"line":10,"column":17},"end":{"line":10,"column":61}},"2":{"start":{"line":11,"column":33},"end":{"line":11,"column":49}},"3":{"start":{"line":12,"column":2},"end":{"line":21,"column":4}}},"fnMap":{"0":{"name":"(anonymous_0)","decl":{"start":{"line":9,"column":23},"end":{"line":9,"column":24}},"loc":{"start":{"line":9,"column":59},"end":{"line":22,"column":1}},"line":9}},"branchMap":{},"s":{"0":1,"1":0,"2":0,"3":0},"f":{"0":0},"b":{},"_coverageSchema":"332fd63041d2c1bcb487cc26dd0d5f7d97098a6c","hash":"118d24a1aafd1e8559584881e0d121ca4a05b4ea"}
,"/Users/steventruesdell/Projects/Boldr/main/packages/frontend/src/components/BoldrEditor/Renderer/EmbedRender/index.js": {"path":"/Users/steventruesdell/Projects/Boldr/main/packages/frontend/src/components/BoldrEditor/Renderer/EmbedRender/index.js","statementMap":{},"fnMap":{},"branchMap":{},"s":{},"f":{},"b":{},"_coverageSchema":"332fd63041d2c1bcb487cc26dd0d5f7d97098a6c","hash":"f9a0d2020e3d75b087bf39859a04a1d1b594b676"}
,"/Users/steventruesdell/Projects/Boldr/main/packages/frontend/src/components/BoldrEditor/Renderer/ImageRender/getImageRender.js": {"path":"/Users/steventruesdell/Projects/Boldr/main/packages/frontend/src/components/BoldrEditor/Renderer/ImageRender/getImageRender.js","statementMap":{"0":{"start":{"line":8,"column":23},"end":{"line":110,"column":3}},"1":{"start":{"line":9,"column":2},"end":{"line":110,"column":3}},"2":{"start":{"line":20,"column":6},"end":{"line":20,"column":38}},"3":{"start":{"line":24,"column":6},"end":{"line":24,"column":39}},"4":{"start":{"line":28,"column":6},"end":{"line":28,"column":38}},"5":{"start":{"line":32,"column":38},"end":{"line":32,"column":48}},"6":{"start":{"line":33,"column":24},"end":{"line":33,"column":44}},"7":{"start":{"line":34,"column":6},"end":{"line":34,"column":61}},"8":{"start":{"line":35,"column":6},"end":{"line":35,"column":100}},"9":{"start":{"line":36,"column":6},"end":{"line":38,"column":9}},"10":{"start":{"line":42,"column":22},"end":{"line":42,"column":41}},"11":{"start":{"line":43,"column":6},"end":{"line":45,"column":9}},"12":{"start":{"line":49,"column":6},"end":{"line":74,"column":8}},"13":{"start":{"line":78,"column":38},"end":{"line":78,"column":48}},"14":{"start":{"line":79,"column":26},"end":{"line":79,"column":36}},"15":{"start":{"line":80,"column":54},"end":{"line":80,"column":60}},"16":{"start":{"line":81,"column":21},"end":{"line":81,"column":65}},"17":{"start":{"line":82,"column":48},"end":{"line":82,"column":64}},"18":{"start":{"line":84,"column":6},"end":{"line":108,"column":8}}},"fnMap":{"0":{"name":"(anonymous_0)","decl":{"start":{"line":8,"column":23},"end":{"line":8,"column":24}},"loc":{"start":{"line":9,"column":2},"end":{"line":110,"column":3}},"line":9},"1":{"name":"(anonymous_1)","decl":{"start":{"line":19,"column":39},"end":{"line":19,"column":40}},"loc":{"start":{"line":19,"column":51},"end":{"line":21,"column":5}},"line":19},"2":{"name":"(anonymous_2)","decl":{"start":{"line":23,"column":40},"end":{"line":23,"column":41}},"loc":{"start":{"line":23,"column":52},"end":{"line":25,"column":5}},"line":23},"3":{"name":"(anonymous_3)","decl":{"start":{"line":27,"column":41},"end":{"line":27,"column":42}},"loc":{"start":{"line":27,"column":53},"end":{"line":29,"column":5}},"line":27},"4":{"name":"(anonymous_4)","decl":{"start":{"line":31,"column":35},"end":{"line":31,"column":36}},"loc":{"start":{"line":31,"column":56},"end":{"line":39,"column":5}},"line":31},"5":{"name":"(anonymous_5)","decl":{"start":{"line":41,"column":30},"end":{"line":41,"column":31}},"loc":{"start":{"line":41,"column":42},"end":{"line":46,"column":5}},"line":41},"6":{"name":"(anonymous_6)","decl":{"start":{"line":48,"column":4},"end":{"line":48,"column":5}},"loc":{"start":{"line":48,"column":46},"end":{"line":75,"column":5}},"line":48},"7":{"name":"(anonymous_7)","decl":{"start":{"line":77,"column":4},"end":{"line":77,"column":5}},"loc":{"start":{"line":77,"column":21},"end":{"line":109,"column":5}},"line":77}},"branchMap":{"0":{"loc":{"start":{"line":91,"column":44},"end":{"line":91,"column":78}},"type":"binary-expr","locations":[{"start":{"line":91,"column":44},"end":{"line":91,"column":54}},{"start":{"line":91,"column":58},"end":{"line":91,"column":78}}],"line":91},"1":{"loc":{"start":{"line":103,"column":13},"end":{"line":105,"column":25}},"type":"cond-expr","locations":[{"start":{"line":104,"column":16},"end":{"line":104,"column":54}},{"start":{"line":105,"column":16},"end":{"line":105,"column":25}}],"line":103},"2":{"loc":{"start":{"line":103,"column":13},"end":{"line":103,"column":66}},"type":"binary-expr","locations":[{"start":{"line":103,"column":13},"end":{"line":103,"column":26}},{"start":{"line":103,"column":30},"end":{"line":103,"column":37}},{"start":{"line":103,"column":41},"end":{"line":103,"column":66}}],"line":103}},"s":{"0":2,"1":3,"2":0,"3":0,"4":0,"5":0,"6":0,"7":0,"8":0,"9":0,"10":0,"11":0,"12":0,"13":3,"14":3,"15":3,"16":3,"17":3,"18":3},"f":{"0":3,"1":0,"2":0,"3":0,"4":0,"5":0,"6":0,"7":3},"b":{"0":[3,0],"1":[0,3],"2":[3,3,0]},"_coverageSchema":"332fd63041d2c1bcb487cc26dd0d5f7d97098a6c","hash":"45b151fe835d0124b90ade7acdc16f61851ae465"}
,"/Users/steventruesdell/Projects/Boldr/main/packages/frontend/src/components/BoldrEditor/Renderer/ImageRender/index.js": {"path":"/Users/steventruesdell/Projects/Boldr/main/packages/frontend/src/components/BoldrEditor/Renderer/ImageRender/index.js","statementMap":{},"fnMap":{},"branchMap":{},"s":{},"f":{},"b":{},"_coverageSchema":"332fd63041d2c1bcb487cc26dd0d5f7d97098a6c","hash":"8ea93d05f232e1953cde3bd0c2692700b1f603e6"}
,"/Users/steventruesdell/Projects/Boldr/main/packages/frontend/src/components/BoldrEditor/components/Controls/index.js": {"path":"/Users/steventruesdell/Projects/Boldr/main/packages/frontend/src/components/BoldrEditor/components/Controls/index.js","statementMap":{},"fnMap":{},"branchMap":{},"s":{},"f":{},"b":{},"_coverageSchema":"332fd63041d2c1bcb487cc26dd0d5f7d97098a6c","hash":"0c8734743d6aad914e2d5aa797765056e8f78de5"}
,"/Users/steventruesdell/Projects/Boldr/main/packages/frontend/src/components/BoldrEditor/components/Controls/BlockType/BlockType.js": {"path":"/Users/steventruesdell/Projects/Boldr/main/packages/frontend/src/components/BoldrEditor/components/Controls/BlockType/BlockType.js","statementMap":{"0":{"start":{"line":23,"column":42},"end":{"line":23,"column":52}},"1":{"start":{"line":24,"column":4},"end":{"line":28,"column":5}},"2":{"start":{"line":25,"column":6},"end":{"line":27,"column":9}},"3":{"start":{"line":29,"column":4},"end":{"line":29,"column":55}},"4":{"start":{"line":33,"column":4},"end":{"line":37,"column":5}},"5":{"start":{"line":34,"column":6},"end":{"line":36,"column":9}},"6":{"start":{"line":41,"column":29},"end":{"line":41,"column":39}},"7":{"start":{"line":42,"column":4},"end":{"line":42,"column":57}},"8":{"start":{"line":59,"column":4},"end":{"line":61,"column":7}},"9":{"start":{"line":62,"column":4},"end":{"line":62,"column":32}},"10":{"start":{"line":66,"column":4},"end":{"line":66,"column":47}},"11":{"start":{"line":70,"column":4},"end":{"line":72,"column":7}},"12":{"start":{"line":76,"column":4},"end":{"line":78,"column":7}},"13":{"start":{"line":82,"column":27},"end":{"line":82,"column":84}},"14":{"start":{"line":82,"column":55},"end":{"line":82,"column":77}},"15":{"start":{"line":83,"column":38},"end":{"line":83,"column":48}},"16":{"start":{"line":84,"column":21},"end":{"line":84,"column":75}},"17":{"start":{"line":85,"column":4},"end":{"line":87,"column":5}},"18":{"start":{"line":86,"column":6},"end":{"line":86,"column":25}},"19":{"start":{"line":91,"column":23},"end":{"line":91,"column":33}},"20":{"start":{"line":92,"column":71},"end":{"line":92,"column":81}},"21":{"start":{"line":93,"column":31},"end":{"line":93,"column":66}},"22":{"start":{"line":94,"column":22},"end":{"line":94,"column":80}},"23":{"start":{"line":94,"column":50},"end":{"line":94,"column":79}},"24":{"start":{"line":95,"column":4},"end":{"line":105,"column":6}}},"fnMap":{"0":{"name":"(anonymous_0)","decl":{"start":{"line":22,"column":2},"end":{"line":22,"column":3}},"loc":{"start":{"line":22,"column":29},"end":{"line":30,"column":3}},"line":22},"1":{"name":"(anonymous_1)","decl":{"start":{"line":32,"column":2},"end":{"line":32,"column":3}},"loc":{"start":{"line":32,"column":54},"end":{"line":38,"column":3}},"line":32},"2":{"name":"(anonymous_2)","decl":{"start":{"line":40,"column":2},"end":{"line":40,"column":3}},"loc":{"start":{"line":40,"column":31},"end":{"line":43,"column":3}},"line":40},"3":{"name":"(anonymous_3)","decl":{"start":{"line":58,"column":29},"end":{"line":58,"column":30}},"loc":{"start":{"line":58,"column":41},"end":{"line":63,"column":3}},"line":58},"4":{"name":"(anonymous_4)","decl":{"start":{"line":65,"column":28},"end":{"line":65,"column":29}},"loc":{"start":{"line":65,"column":40},"end":{"line":67,"column":3}},"line":65},"5":{"name":"(anonymous_5)","decl":{"start":{"line":69,"column":23},"end":{"line":69,"column":24}},"loc":{"start":{"line":69,"column":35},"end":{"line":73,"column":3}},"line":69},"6":{"name":"(anonymous_6)","decl":{"start":{"line":75,"column":25},"end":{"line":75,"column":26}},"loc":{"start":{"line":75,"column":37},"end":{"line":79,"column":3}},"line":75},"7":{"name":"(anonymous_7)","decl":{"start":{"line":81,"column":30},"end":{"line":81,"column":31}},"loc":{"start":{"line":81,"column":53},"end":{"line":88,"column":3}},"line":81},"8":{"name":"(anonymous_8)","decl":{"start":{"line":82,"column":49},"end":{"line":82,"column":50}},"loc":{"start":{"line":82,"column":55},"end":{"line":82,"column":77}},"line":82},"9":{"name":"(anonymous_9)","decl":{"start":{"line":90,"column":2},"end":{"line":90,"column":3}},"loc":{"start":{"line":90,"column":19},"end":{"line":106,"column":3}},"line":90},"10":{"name":"(anonymous_10)","decl":{"start":{"line":94,"column":44},"end":{"line":94,"column":45}},"loc":{"start":{"line":94,"column":50},"end":{"line":94,"column":79}},"line":94}},"branchMap":{"0":{"loc":{"start":{"line":24,"column":4},"end":{"line":28,"column":5}},"type":"if","locations":[{"start":{"line":24,"column":4},"end":{"line":28,"column":5}},{"start":{"line":24,"column":4},"end":{"line":28,"column":5}}],"line":24},"1":{"loc":{"start":{"line":33,"column":4},"end":{"line":37,"column":5}},"type":"if","locations":[{"start":{"line":33,"column":4},"end":{"line":37,"column":5}},{"start":{"line":33,"column":4},"end":{"line":37,"column":5}}],"line":33},"2":{"loc":{"start":{"line":33,"column":8},"end":{"line":33,"column":83}},"type":"binary-expr","locations":[{"start":{"line":33,"column":8},"end":{"line":33,"column":30}},{"start":{"line":33,"column":34},"end":{"line":33,"column":83}}],"line":33},"3":{"loc":{"start":{"line":85,"column":4},"end":{"line":87,"column":5}},"type":"if","locations":[{"start":{"line":85,"column":4},"end":{"line":87,"column":5}},{"start":{"line":85,"column":4},"end":{"line":87,"column":5}}],"line":85},"4":{"loc":{"start":{"line":93,"column":31},"end":{"line":93,"column":66}},"type":"binary-expr","locations":[{"start":{"line":93,"column":31},"end":{"line":93,"column":47}},{"start":{"line":93,"column":51},"end":{"line":93,"column":66}}],"line":93},"5":{"loc":{"start":{"line":98,"column":35},"end":{"line":98,"column":63}},"type":"binary-expr","locations":[{"start":{"line":98,"column":35},"end":{"line":98,"column":44}},{"start":{"line":98,"column":48},"end":{"line":98,"column":63}}],"line":98}},"s":{"0":4,"1":4,"2":4,"3":4,"4":0,"5":0,"6":0,"7":0,"8":0,"9":0,"10":0,"11":0,"12":0,"13":0,"14":0,"15":0,"16":0,"17":0,"18":0,"19":4,"20":4,"21":4,"22":4,"23":4,"24":4},"f":{"0":4,"1":0,"2":0,"3":0,"4":0,"5":0,"6":0,"7":0,"8":0,"9":4,"10":4},"b":{"0":[4,0],"1":[0,0],"2":[0,0],"3":[0,0],"4":[4,4],"5":[4,4]},"_coverageSchema":"332fd63041d2c1bcb487cc26dd0d5f7d97098a6c","hash":"c97eae5330cb2d8a266da4663358d9b5eda0dc90"}
,"/Users/steventruesdell/Projects/Boldr/main/packages/frontend/src/components/BoldrEditor/components/Controls/BlockType/BlockTypeLayout.js": {"path":"/Users/steventruesdell/Projects/Boldr/main/packages/frontend/src/components/BoldrEditor/components/Controls/BlockType/BlockTypeLayout.js","statementMap":{"0":{"start":{"line":66,"column":77},"end":{"line":66,"column":87}},"1":{"start":{"line":67,"column":4},"end":{"line":80,"column":6}},"2":{"start":{"line":70,"column":10},"end":{"line":77,"column":19}},"3":{"start":{"line":92,"column":8},"end":{"line":92,"column":18}},"4":{"start":{"line":93,"column":29},"end":{"line":93,"column":84}},"5":{"start":{"line":93,"column":60},"end":{"line":93,"column":83}},"6":{"start":{"line":94,"column":25},"end":{"line":94,"column":99}},"7":{"start":{"line":95,"column":4},"end":{"line":117,"column":6}},"8":{"start":{"line":111,"column":12},"end":{"line":113,"column":29}},"9":{"start":{"line":121,"column":23},"end":{"line":121,"column":33}},"10":{"start":{"line":122,"column":27},"end":{"line":122,"column":33}},"11":{"start":{"line":123,"column":19},"end":{"line":123,"column":89}},"12":{"start":{"line":123,"column":58},"end":{"line":123,"column":88}},"13":{"start":{"line":124,"column":4},"end":{"line":124,"column":80}}},"fnMap":{"0":{"name":"(anonymous_0)","decl":{"start":{"line":65,"column":2},"end":{"line":65,"column":3}},"loc":{"start":{"line":65,"column":42},"end":{"line":81,"column":3}},"line":65},"1":{"name":"(anonymous_1)","decl":{"start":{"line":69,"column":20},"end":{"line":69,"column":21}},"loc":{"start":{"line":70,"column":10},"end":{"line":77,"column":19}},"line":70},"2":{"name":"(anonymous_2)","decl":{"start":{"line":83,"column":2},"end":{"line":83,"column":3}},"loc":{"start":{"line":83,"column":48},"end":{"line":118,"column":3}},"line":83},"3":{"name":"(anonymous_3)","decl":{"start":{"line":93,"column":53},"end":{"line":93,"column":54}},"loc":{"start":{"line":93,"column":60},"end":{"line":93,"column":83}},"line":93},"4":{"name":"(anonymous_4)","decl":{"start":{"line":110,"column":22},"end":{"line":110,"column":23}},"loc":{"start":{"line":111,"column":12},"end":{"line":113,"column":29}},"line":111},"5":{"name":"(anonymous_5)","decl":{"start":{"line":120,"column":2},"end":{"line":120,"column":3}},"loc":{"start":{"line":120,"column":17},"end":{"line":125,"column":3}},"line":120},"6":{"name":"(anonymous_6)","decl":{"start":{"line":123,"column":43},"end":{"line":123,"column":44}},"loc":{"start":{"line":123,"column":58},"end":{"line":123,"column":88}},"line":123}},"branchMap":{"0":{"loc":{"start":{"line":94,"column":25},"end":{"line":94,"column":99}},"type":"binary-expr","locations":[{"start":{"line":94,"column":25},"end":{"line":94,"column":41}},{"start":{"line":94,"column":45},"end":{"line":94,"column":64}},{"start":{"line":94,"column":68},"end":{"line":94,"column":99}}],"line":94},"1":{"loc":{"start":{"line":108,"column":13},"end":{"line":108,"column":84}},"type":"binary-expr","locations":[{"start":{"line":108,"column":13},"end":{"line":108,"column":25}},{"start":{"line":108,"column":29},"end":{"line":108,"column":84}}],"line":108},"2":{"loc":{"start":{"line":124,"column":11},"end":{"line":124,"column":79}},"type":"cond-expr","locations":[{"start":{"line":124,"column":24},"end":{"line":124,"column":53}},{"start":{"line":124,"column":56},"end":{"line":124,"column":79}}],"line":124}},"s":{"0":2,"1":2,"2":16,"3":2,"4":2,"5":16,"6":2,"7":2,"8":16,"9":4,"10":4,"11":4,"12":32,"13":4},"f":{"0":2,"1":16,"2":2,"3":16,"4":16,"5":4,"6":32},"b":{"0":[2,2,2],"1":[2,0],"2":[2,2]},"_coverageSchema":"332fd63041d2c1bcb487cc26dd0d5f7d97098a6c","hash":"4651b7da71f196418ddd65fd047556ab8e86cf13"}
,"/Users/steventruesdell/Projects/Boldr/main/packages/frontend/src/components/BoldrEditor/components/Controls/BlockType/index.js": {"path":"/Users/steventruesdell/Projects/Boldr/main/packages/frontend/src/components/BoldrEditor/components/Controls/BlockType/index.js","statementMap":{},"fnMap":{},"branchMap":{},"s":{},"f":{},"b":{},"_coverageSchema":"332fd63041d2c1bcb487cc26dd0d5f7d97098a6c","hash":"b08c8de5bd7bb75aa0dc7b48bb56aa4972148c98"}
,"/Users/steventruesdell/Projects/Boldr/main/packages/frontend/src/components/BoldrEditor/components/Controls/ColorPicker/ColorPicker.js": {"path":"/Users/steventruesdell/Projects/Boldr/main/packages/frontend/src/components/BoldrEditor/components/Controls/ColorPicker/ColorPicker.js","statementMap":{"0":{"start":{"line":24,"column":42},"end":{"line":24,"column":52}},"1":{"start":{"line":25,"column":4},"end":{"line":30,"column":5}},"2":{"start":{"line":26,"column":6},"end":{"line":29,"column":9}},"3":{"start":{"line":31,"column":4},"end":{"line":31,"column":55}},"4":{"start":{"line":35,"column":21},"end":{"line":35,"column":23}},"5":{"start":{"line":36,"column":4},"end":{"line":43,"column":5}},"6":{"start":{"line":37,"column":6},"end":{"line":39,"column":15}},"7":{"start":{"line":40,"column":6},"end":{"line":42,"column":17}},"8":{"start":{"line":44,"column":4},"end":{"line":44,"column":28}},"9":{"start":{"line":48,"column":29},"end":{"line":48,"column":39}},"10":{"start":{"line":49,"column":4},"end":{"line":49,"column":57}},"11":{"start":{"line":53,"column":4},"end":{"line":55,"column":7}},"12":{"start":{"line":56,"column":4},"end":{"line":56,"column":32}},"13":{"start":{"line":60,"column":4},"end":{"line":60,"column":47}},"14":{"start":{"line":64,"column":4},"end":{"line":66,"column":7}},"15":{"start":{"line":70,"column":4},"end":{"line":72,"column":7}},"16":{"start":{"line":76,"column":38},"end":{"line":76,"column":48}},"17":{"start":{"line":77,"column":21},"end":{"line":77,"column":71}},"18":{"start":{"line":78,"column":4},"end":{"line":80,"column":5}},"19":{"start":{"line":79,"column":6},"end":{"line":79,"column":25}},"20":{"start":{"line":81,"column":4},"end":{"line":81,"column":22}},"21":{"start":{"line":85,"column":23},"end":{"line":85,"column":33}},"22":{"start":{"line":86,"column":55},"end":{"line":86,"column":65}},"23":{"start":{"line":87,"column":33},"end":{"line":87,"column":70}},"24":{"start":{"line":88,"column":18},"end":{"line":88,"column":59}},"25":{"start":{"line":89,"column":20},"end":{"line":89,"column":65}},"26":{"start":{"line":90,"column":4},"end":{"line":100,"column":6}}},"fnMap":{"0":{"name":"(anonymous_0)","decl":{"start":{"line":23,"column":2},"end":{"line":23,"column":3}},"loc":{"start":{"line":23,"column":29},"end":{"line":32,"column":3}},"line":23},"1":{"name":"(anonymous_1)","decl":{"start":{"line":34,"column":2},"end":{"line":34,"column":3}},"loc":{"start":{"line":34,"column":54},"end":{"line":45,"column":3}},"line":34},"2":{"name":"(anonymous_2)","decl":{"start":{"line":47,"column":2},"end":{"line":47,"column":3}},"loc":{"start":{"line":47,"column":31},"end":{"line":50,"column":3}},"line":47},"3":{"name":"(anonymous_3)","decl":{"start":{"line":52,"column":29},"end":{"line":52,"column":30}},"loc":{"start":{"line":52,"column":41},"end":{"line":57,"column":3}},"line":52},"4":{"name":"(anonymous_4)","decl":{"start":{"line":59,"column":28},"end":{"line":59,"column":29}},"loc":{"start":{"line":59,"column":40},"end":{"line":61,"column":3}},"line":59},"5":{"name":"(anonymous_5)","decl":{"start":{"line":63,"column":23},"end":{"line":63,"column":24}},"loc":{"start":{"line":63,"column":35},"end":{"line":67,"column":3}},"line":63},"6":{"name":"(anonymous_6)","decl":{"start":{"line":69,"column":25},"end":{"line":69,"column":26}},"loc":{"start":{"line":69,"column":37},"end":{"line":73,"column":3}},"line":69},"7":{"name":"(anonymous_7)","decl":{"start":{"line":75,"column":26},"end":{"line":75,"column":27}},"loc":{"start":{"line":75,"column":66},"end":{"line":82,"column":3}},"line":75},"8":{"name":"(anonymous_8)","decl":{"start":{"line":84,"column":2},"end":{"line":84,"column":3}},"loc":{"start":{"line":84,"column":19},"end":{"line":101,"column":3}},"line":84}},"branchMap":{"0":{"loc":{"start":{"line":25,"column":4},"end":{"line":30,"column":5}},"type":"if","locations":[{"start":{"line":25,"column":4},"end":{"line":30,"column":5}},{"start":{"line":25,"column":4},"end":{"line":30,"column":5}}],"line":25},"1":{"loc":{"start":{"line":36,"column":4},"end":{"line":43,"column":5}},"type":"if","locations":[{"start":{"line":36,"column":4},"end":{"line":43,"column":5}},{"start":{"line":36,"column":4},"end":{"line":43,"column":5}}],"line":36},"2":{"loc":{"start":{"line":36,"column":8},"end":{"line":36,"column":83}},"type":"binary-expr","locations":[{"start":{"line":36,"column":8},"end":{"line":36,"column":30}},{"start":{"line":36,"column":34},"end":{"line":36,"column":83}}],"line":36},"3":{"loc":{"start":{"line":78,"column":4},"end":{"line":80,"column":5}},"type":"if","locations":[{"start":{"line":78,"column":4},"end":{"line":80,"column":5}},{"start":{"line":78,"column":4},"end":{"line":80,"column":5}}],"line":78},"4":{"loc":{"start":{"line":87,"column":33},"end":{"line":87,"column":70}},"type":"binary-expr","locations":[{"start":{"line":87,"column":33},"end":{"line":87,"column":49}},{"start":{"line":87,"column":53},"end":{"line":87,"column":70}}],"line":87},"5":{"loc":{"start":{"line":88,"column":18},"end":{"line":88,"column":59}},"type":"binary-expr","locations":[{"start":{"line":88,"column":18},"end":{"line":88,"column":30}},{"start":{"line":88,"column":34},"end":{"line":88,"column":59}}],"line":88},"6":{"loc":{"start":{"line":89,"column":20},"end":{"line":89,"column":65}},"type":"binary-expr","locations":[{"start":{"line":89,"column":20},"end":{"line":89,"column":34}},{"start":{"line":89,"column":38},"end":{"line":89,"column":65}}],"line":89}},"s":{"0":4,"1":4,"2":4,"3":4,"4":0,"5":0,"6":0,"7":0,"8":0,"9":0,"10":0,"11":0,"12":0,"13":1,"14":0,"15":0,"16":0,"17":0,"18":0,"19":0,"20":0,"21":4,"22":4,"23":4,"24":4,"25":4,"26":4},"f":{"0":4,"1":0,"2":0,"3":0,"4":1,"5":0,"6":0,"7":0,"8":4},"b":{"0":[4,0],"1":[0,0],"2":[0,0],"3":[0,0],"4":[4,4],"5":[4,0],"6":[4,0]},"_coverageSchema":"332fd63041d2c1bcb487cc26dd0d5f7d97098a6c","hash":"a45e2ccc22338d1b1c950458092b579f68a8f56a"}
,"/Users/steventruesdell/Projects/Boldr/main/packages/frontend/src/components/BoldrEditor/components/Controls/ColorPicker/ColorPickerLayout.js": {"path":"/Users/steventruesdell/Projects/Boldr/main/packages/frontend/src/components/BoldrEditor/components/Controls/ColorPicker/ColorPickerLayout.js","statementMap":{"0":{"start":{"line":23,"column":4},"end":{"line":27,"column":5}},"1":{"start":{"line":24,"column":6},"end":{"line":26,"column":9}},"2":{"start":{"line":31,"column":4},"end":{"line":33,"column":7}},"3":{"start":{"line":37,"column":4},"end":{"line":39,"column":7}},"4":{"start":{"line":43,"column":25},"end":{"line":43,"column":35}},"5":{"start":{"line":44,"column":29},"end":{"line":44,"column":39}},"6":{"start":{"line":45,"column":4},"end":{"line":45,"column":34}},"7":{"start":{"line":49,"column":85},"end":{"line":49,"column":95}},"8":{"start":{"line":50,"column":29},"end":{"line":50,"column":39}},"9":{"start":{"line":51,"column":33},"end":{"line":51,"column":75}},"10":{"start":{"line":52,"column":4},"end":{"line":93,"column":6}},"11":{"start":{"line":77,"column":12},"end":{"line":89,"column":21}},"12":{"start":{"line":97,"column":76},"end":{"line":97,"column":86}},"13":{"start":{"line":98,"column":4},"end":{"line":111,"column":6}}},"fnMap":{"0":{"name":"(anonymous_0)","decl":{"start":{"line":22,"column":2},"end":{"line":22,"column":3}},"loc":{"start":{"line":22,"column":35},"end":{"line":28,"column":3}},"line":22},"1":{"name":"(anonymous_1)","decl":{"start":{"line":30,"column":37},"end":{"line":30,"column":38}},"loc":{"start":{"line":30,"column":49},"end":{"line":34,"column":3}},"line":30},"2":{"name":"(anonymous_2)","decl":{"start":{"line":36,"column":35},"end":{"line":36,"column":36}},"loc":{"start":{"line":36,"column":47},"end":{"line":40,"column":3}},"line":36},"3":{"name":"(anonymous_3)","decl":{"start":{"line":42,"column":23},"end":{"line":42,"column":24}},"loc":{"start":{"line":42,"column":48},"end":{"line":46,"column":3}},"line":42},"4":{"name":"(anonymous_4)","decl":{"start":{"line":48,"column":26},"end":{"line":48,"column":27}},"loc":{"start":{"line":48,"column":40},"end":{"line":94,"column":3}},"line":48},"5":{"name":"(anonymous_5)","decl":{"start":{"line":76,"column":22},"end":{"line":76,"column":23}},"loc":{"start":{"line":77,"column":12},"end":{"line":89,"column":21}},"line":77},"6":{"name":"(anonymous_6)","decl":{"start":{"line":96,"column":2},"end":{"line":96,"column":3}},"loc":{"start":{"line":96,"column":19},"end":{"line":112,"column":3}},"line":96}},"branchMap":{"0":{"loc":{"start":{"line":23,"column":4},"end":{"line":27,"column":5}},"type":"if","locations":[{"start":{"line":23,"column":4},"end":{"line":27,"column":5}},{"start":{"line":23,"column":4},"end":{"line":27,"column":5}}],"line":23},"1":{"loc":{"start":{"line":23,"column":8},"end":{"line":23,"column":46}},"type":"binary-expr","locations":[{"start":{"line":23,"column":8},"end":{"line":23,"column":28}},{"start":{"line":23,"column":32},"end":{"line":23,"column":46}}],"line":23},"2":{"loc":{"start":{"line":51,"column":33},"end":{"line":51,"column":75}},"type":"cond-expr","locations":[{"start":{"line":51,"column":60},"end":{"line":51,"column":65}},{"start":{"line":51,"column":68},"end":{"line":51,"column":75}}],"line":51},"3":{"loc":{"start":{"line":109,"column":9},"end":{"line":109,"column":50}},"type":"cond-expr","locations":[{"start":{"line":109,"column":20},"end":{"line":109,"column":38}},{"start":{"line":109,"column":41},"end":{"line":109,"column":50}}],"line":109}},"s":{"0":0,"1":0,"2":0,"3":0,"4":0,"5":0,"6":0,"7":0,"8":0,"9":0,"10":0,"11":0,"12":4,"13":4},"f":{"0":0,"1":0,"2":0,"3":0,"4":0,"5":0,"6":4},"b":{"0":[0,0],"1":[0,0],"2":[0,0],"3":[0,4]},"_coverageSchema":"332fd63041d2c1bcb487cc26dd0d5f7d97098a6c","hash":"454b86c763231e0513247aa322f900da2aad2d83"}
,"/Users/steventruesdell/Projects/Boldr/main/packages/frontend/src/components/BoldrEditor/components/Controls/ColorPicker/index.js": {"path":"/Users/steventruesdell/Projects/Boldr/main/packages/frontend/src/components/BoldrEditor/components/Controls/ColorPicker/index.js","statementMap":{},"fnMap":{},"branchMap":{},"s":{},"f":{},"b":{},"_coverageSchema":"332fd63041d2c1bcb487cc26dd0d5f7d97098a6c","hash":"749da0bcb6f74b18c3a64688994e210634bf2a96"}
,"/Users/steventruesdell/Projects/Boldr/main/packages/frontend/src/components/BoldrEditor/components/Controls/Embedded/Embedded.js": {"path":"/Users/steventruesdell/Projects/Boldr/main/packages/frontend/src/components/BoldrEditor/components/Controls/Embedded/Embedded.js","statementMap":{"0":{"start":{"line":21,"column":29},"end":{"line":21,"column":39}},"1":{"start":{"line":22,"column":4},"end":{"line":22,"column":55}},"2":{"start":{"line":26,"column":29},"end":{"line":26,"column":39}},"3":{"start":{"line":27,"column":4},"end":{"line":27,"column":57}},"4":{"start":{"line":31,"column":4},"end":{"line":31,"column":47}},"5":{"start":{"line":35,"column":4},"end":{"line":37,"column":7}},"6":{"start":{"line":38,"column":4},"end":{"line":38,"column":32}},"7":{"start":{"line":42,"column":4},"end":{"line":44,"column":7}},"8":{"start":{"line":48,"column":4},"end":{"line":50,"column":7}},"9":{"start":{"line":54,"column":70},"end":{"line":54,"column":80}},"10":{"start":{"line":58,"column":4},"end":{"line":62,"column":5}},"11":{"start":{"line":59,"column":6},"end":{"line":59,"column":60}},"12":{"start":{"line":61,"column":6},"end":{"line":61,"column":40}},"13":{"start":{"line":64,"column":22},"end":{"line":71,"column":32}},"14":{"start":{"line":72,"column":27},"end":{"line":72,"column":90}},"15":{"start":{"line":73,"column":4},"end":{"line":73,"column":29}},"16":{"start":{"line":74,"column":4},"end":{"line":74,"column":22}},"17":{"start":{"line":78,"column":23},"end":{"line":78,"column":33}},"18":{"start":{"line":79,"column":25},"end":{"line":79,"column":35}},"19":{"start":{"line":80,"column":30},"end":{"line":80,"column":64}},"20":{"start":{"line":81,"column":4},"end":{"line":90,"column":6}}},"fnMap":{"0":{"name":"(anonymous_0)","decl":{"start":{"line":20,"column":2},"end":{"line":20,"column":3}},"loc":{"start":{"line":20,"column":29},"end":{"line":23,"column":3}},"line":20},"1":{"name":"(anonymous_1)","decl":{"start":{"line":25,"column":2},"end":{"line":25,"column":3}},"loc":{"start":{"line":25,"column":31},"end":{"line":28,"column":3}},"line":25},"2":{"name":"(anonymous_2)","decl":{"start":{"line":30,"column":28},"end":{"line":30,"column":29}},"loc":{"start":{"line":30,"column":40},"end":{"line":32,"column":3}},"line":30},"3":{"name":"(anonymous_3)","decl":{"start":{"line":34,"column":29},"end":{"line":34,"column":30}},"loc":{"start":{"line":34,"column":41},"end":{"line":39,"column":3}},"line":34},"4":{"name":"(anonymous_4)","decl":{"start":{"line":41,"column":23},"end":{"line":41,"column":24}},"loc":{"start":{"line":41,"column":35},"end":{"line":45,"column":3}},"line":41},"5":{"name":"(anonymous_5)","decl":{"start":{"line":47,"column":25},"end":{"line":47,"column":26}},"loc":{"start":{"line":47,"column":37},"end":{"line":51,"column":3}},"line":47},"6":{"name":"(anonymous_6)","decl":{"start":{"line":53,"column":30},"end":{"line":53,"column":31}},"loc":{"start":{"line":53,"column":69},"end":{"line":75,"column":3}},"line":53},"7":{"name":"(anonymous_7)","decl":{"start":{"line":77,"column":2},"end":{"line":77,"column":3}},"loc":{"start":{"line":77,"column":19},"end":{"line":91,"column":3}},"line":77}},"branchMap":{"0":{"loc":{"start":{"line":58,"column":4},"end":{"line":62,"column":5}},"type":"if","locations":[{"start":{"line":58,"column":4},"end":{"line":62,"column":5}},{"start":{"line":58,"column":4},"end":{"line":62,"column":5}}],"line":58},"1":{"loc":{"start":{"line":80,"column":30},"end":{"line":80,"column":64}},"type":"binary-expr","locations":[{"start":{"line":80,"column":30},"end":{"line":80,"column":46}},{"start":{"line":80,"column":50},"end":{"line":80,"column":64}}],"line":80}},"s":{"0":1,"1":1,"2":0,"3":0,"4":0,"5":0,"6":0,"7":0,"8":0,"9":0,"10":0,"11":0,"12":0,"13":0,"14":0,"15":0,"16":0,"17":1,"18":1,"19":1,"20":1},"f":{"0":1,"1":0,"2":0,"3":0,"4":0,"5":0,"6":0,"7":1},"b":{"0":[0,0],"1":[1,1]},"_coverageSchema":"332fd63041d2c1bcb487cc26dd0d5f7d97098a6c","hash":"97654a7c5eeb158b6651f827f350b981e07fd2db"}
,"/Users/steventruesdell/Projects/Boldr/main/packages/frontend/src/components/BoldrEditor/components/Controls/Embedded/EmbeddedLayout.js": {"path":"/Users/steventruesdell/Projects/Boldr/main/packages/frontend/src/components/BoldrEditor/components/Controls/Embedded/EmbeddedLayout.js","statementMap":{"0":{"start":{"line":25,"column":4},"end":{"line":32,"column":5}},"1":{"start":{"line":26,"column":32},"end":{"line":26,"column":61}},"2":{"start":{"line":27,"column":6},"end":{"line":31,"column":9}},"3":{"start":{"line":36,"column":4},"end":{"line":38,"column":7}},"4":{"start":{"line":42,"column":25},"end":{"line":42,"column":35}},"5":{"start":{"line":43,"column":44},"end":{"line":43,"column":54}},"6":{"start":{"line":44,"column":4},"end":{"line":44,"column":42}},"7":{"start":{"line":48,"column":44},"end":{"line":48,"column":54}},"8":{"start":{"line":49,"column":55},"end":{"line":49,"column":65}},"9":{"start":{"line":50,"column":4},"end":{"line":102,"column":6}},"10":{"start":{"line":106,"column":76},"end":{"line":106,"column":86}},"11":{"start":{"line":107,"column":4},"end":{"line":124,"column":6}}},"fnMap":{"0":{"name":"(anonymous_0)","decl":{"start":{"line":24,"column":2},"end":{"line":24,"column":3}},"loc":{"start":{"line":24,"column":35},"end":{"line":33,"column":3}},"line":24},"1":{"name":"(anonymous_1)","decl":{"start":{"line":35,"column":26},"end":{"line":35,"column":27}},"loc":{"start":{"line":35,"column":51},"end":{"line":39,"column":3}},"line":35},"2":{"name":"(anonymous_2)","decl":{"start":{"line":41,"column":23},"end":{"line":41,"column":24}},"loc":{"start":{"line":41,"column":48},"end":{"line":45,"column":3}},"line":41},"3":{"name":"(anonymous_3)","decl":{"start":{"line":47,"column":2},"end":{"line":47,"column":3}},"loc":{"start":{"line":47,"column":35},"end":{"line":103,"column":3}},"line":47},"4":{"name":"(anonymous_4)","decl":{"start":{"line":105,"column":2},"end":{"line":105,"column":3}},"loc":{"start":{"line":105,"column":19},"end":{"line":125,"column":3}},"line":105}},"branchMap":{"0":{"loc":{"start":{"line":25,"column":4},"end":{"line":32,"column":5}},"type":"if","locations":[{"start":{"line":25,"column":4},"end":{"line":32,"column":5}},{"start":{"line":25,"column":4},"end":{"line":32,"column":5}}],"line":25},"1":{"loc":{"start":{"line":25,"column":8},"end":{"line":25,"column":46}},"type":"binary-expr","locations":[{"start":{"line":25,"column":8},"end":{"line":25,"column":27}},{"start":{"line":25,"column":31},"end":{"line":25,"column":46}}],"line":25},"2":{"loc":{"start":{"line":93,"column":22},"end":{"line":93,"column":56}},"type":"binary-expr","locations":[{"start":{"line":93,"column":22},"end":{"line":93,"column":35}},{"start":{"line":93,"column":39},"end":{"line":93,"column":46}},{"start":{"line":93,"column":50},"end":{"line":93,"column":56}}],"line":93},"3":{"loc":{"start":{"line":122,"column":9},"end":{"line":122,"column":61}},"type":"cond-expr","locations":[{"start":{"line":122,"column":20},"end":{"line":122,"column":49}},{"start":{"line":122,"column":52},"end":{"line":122,"column":61}}],"line":122}},"s":{"0":0,"1":0,"2":0,"3":0,"4":0,"5":0,"6":0,"7":0,"8":0,"9":0,"10":1,"11":1},"f":{"0":0,"1":0,"2":0,"3":0,"4":1},"b":{"0":[0,0],"1":[0,0],"2":[0,0,0],"3":[0,1]},"_coverageSchema":"332fd63041d2c1bcb487cc26dd0d5f7d97098a6c","hash":"c3de035f56352e075492cb3909dc5dd7e46091c4"}
,"/Users/steventruesdell/Projects/Boldr/main/packages/frontend/src/components/BoldrEditor/components/Controls/Embedded/index.js": {"path":"/Users/steventruesdell/Projects/Boldr/main/packages/frontend/src/components/BoldrEditor/components/Controls/Embedded/index.js","statementMap":{},"fnMap":{},"branchMap":{},"s":{},"f":{},"b":{},"_coverageSchema":"332fd63041d2c1bcb487cc26dd0d5f7d97098a6c","hash":"2e94f24479edbcadf9f324f54a0ea84d016df06e"}
,"/Users/steventruesdell/Projects/Boldr/main/packages/frontend/src/components/BoldrEditor/components/Controls/Emoji/Emoji.js": {"path":"/Users/steventruesdell/Projects/Boldr/main/packages/frontend/src/components/BoldrEditor/components/Controls/Emoji/Emoji.js","statementMap":{"0":{"start":{"line":22,"column":29},"end":{"line":22,"column":39}},"1":{"start":{"line":23,"column":4},"end":{"line":23,"column":55}},"2":{"start":{"line":27,"column":29},"end":{"line":27,"column":39}},"3":{"start":{"line":28,"column":4},"end":{"line":28,"column":57}},"4":{"start":{"line":32,"column":4},"end":{"line":34,"column":7}},"5":{"start":{"line":35,"column":4},"end":{"line":35,"column":32}},"6":{"start":{"line":39,"column":4},"end":{"line":39,"column":47}},"7":{"start":{"line":43,"column":4},"end":{"line":45,"column":7}},"8":{"start":{"line":49,"column":4},"end":{"line":51,"column":7}},"9":{"start":{"line":55,"column":38},"end":{"line":55,"column":48}},"10":{"start":{"line":56,"column":25},"end":{"line":61,"column":5}},"11":{"start":{"line":62,"column":4},"end":{"line":62,"column":79}},"12":{"start":{"line":63,"column":4},"end":{"line":63,"column":22}},"13":{"start":{"line":67,"column":23},"end":{"line":67,"column":33}},"14":{"start":{"line":68,"column":25},"end":{"line":68,"column":35}},"15":{"start":{"line":69,"column":27},"end":{"line":69,"column":58}},"16":{"start":{"line":70,"column":4},"end":{"line":80,"column":6}}},"fnMap":{"0":{"name":"(anonymous_0)","decl":{"start":{"line":21,"column":2},"end":{"line":21,"column":3}},"loc":{"start":{"line":21,"column":29},"end":{"line":24,"column":3}},"line":21},"1":{"name":"(anonymous_1)","decl":{"start":{"line":26,"column":2},"end":{"line":26,"column":3}},"loc":{"start":{"line":26,"column":31},"end":{"line":29,"column":3}},"line":26},"2":{"name":"(anonymous_2)","decl":{"start":{"line":31,"column":29},"end":{"line":31,"column":30}},"loc":{"start":{"line":31,"column":41},"end":{"line":36,"column":3}},"line":31},"3":{"name":"(anonymous_3)","decl":{"start":{"line":38,"column":28},"end":{"line":38,"column":29}},"loc":{"start":{"line":38,"column":40},"end":{"line":40,"column":3}},"line":38},"4":{"name":"(anonymous_4)","decl":{"start":{"line":42,"column":23},"end":{"line":42,"column":24}},"loc":{"start":{"line":42,"column":35},"end":{"line":46,"column":3}},"line":42},"5":{"name":"(anonymous_5)","decl":{"start":{"line":48,"column":25},"end":{"line":48,"column":26}},"loc":{"start":{"line":48,"column":37},"end":{"line":52,"column":3}},"line":48},"6":{"name":"(anonymous_6)","decl":{"start":{"line":54,"column":23},"end":{"line":54,"column":24}},"loc":{"start":{"line":54,"column":48},"end":{"line":64,"column":3}},"line":54},"7":{"name":"(anonymous_7)","decl":{"start":{"line":66,"column":2},"end":{"line":66,"column":3}},"loc":{"start":{"line":66,"column":19},"end":{"line":81,"column":3}},"line":66}},"branchMap":{"0":{"loc":{"start":{"line":69,"column":27},"end":{"line":69,"column":58}},"type":"binary-expr","locations":[{"start":{"line":69,"column":27},"end":{"line":69,"column":43}},{"start":{"line":69,"column":47},"end":{"line":69,"column":58}}],"line":69}},"s":{"0":1,"1":1,"2":0,"3":0,"4":0,"5":0,"6":0,"7":0,"8":0,"9":0,"10":0,"11":0,"12":0,"13":1,"14":1,"15":1,"16":1},"f":{"0":1,"1":0,"2":0,"3":0,"4":0,"5":0,"6":0,"7":1},"b":{"0":[1,1]},"_coverageSchema":"332fd63041d2c1bcb487cc26dd0d5f7d97098a6c","hash":"c6c07f7d985c5ae2bb26d3274e343b626019591b"}
,"/Users/steventruesdell/Projects/Boldr/main/packages/frontend/src/components/BoldrEditor/components/Controls/Emoji/EmojiLayout.js": {"path":"/Users/steventruesdell/Projects/Boldr/main/packages/frontend/src/components/BoldrEditor/components/Controls/Emoji/EmojiLayout.js","statementMap":{"0":{"start":{"line":21,"column":25},"end":{"line":21,"column":35}},"1":{"start":{"line":22,"column":4},"end":{"line":22,"column":37}},"2":{"start":{"line":26,"column":51},"end":{"line":26,"column":61}},"3":{"start":{"line":27,"column":4},"end":{"line":38,"column":6}},"4":{"start":{"line":33,"column":10},"end":{"line":35,"column":17}},"5":{"start":{"line":42,"column":76},"end":{"line":42,"column":86}},"6":{"start":{"line":43,"column":4},"end":{"line":60,"column":6}}},"fnMap":{"0":{"name":"(anonymous_0)","decl":{"start":{"line":20,"column":23},"end":{"line":20,"column":24}},"loc":{"start":{"line":20,"column":48},"end":{"line":23,"column":3}},"line":20},"1":{"name":"(anonymous_1)","decl":{"start":{"line":25,"column":2},"end":{"line":25,"column":3}},"loc":{"start":{"line":25,"column":29},"end":{"line":39,"column":3}},"line":25},"2":{"name":"(anonymous_2)","decl":{"start":{"line":32,"column":20},"end":{"line":32,"column":21}},"loc":{"start":{"line":33,"column":10},"end":{"line":35,"column":17}},"line":33},"3":{"name":"(anonymous_3)","decl":{"start":{"line":41,"column":2},"end":{"line":41,"column":3}},"loc":{"start":{"line":41,"column":19},"end":{"line":61,"column":3}},"line":41}},"branchMap":{"0":{"loc":{"start":{"line":58,"column":9},"end":{"line":58,"column":55}},"type":"cond-expr","locations":[{"start":{"line":58,"column":20},"end":{"line":58,"column":43}},{"start":{"line":58,"column":46},"end":{"line":58,"column":55}}],"line":58}},"s":{"0":0,"1":0,"2":0,"3":0,"4":0,"5":1,"6":1},"f":{"0":0,"1":0,"2":0,"3":1},"b":{"0":[0,1]},"_coverageSchema":"332fd63041d2c1bcb487cc26dd0d5f7d97098a6c","hash":"9b7f60542a044a02b1ddb72a61bd7ad4aa3a2589"}
,"/Users/steventruesdell/Projects/Boldr/main/packages/frontend/src/components/BoldrEditor/components/Controls/Emoji/index.js": {"path":"/Users/steventruesdell/Projects/Boldr/main/packages/frontend/src/components/BoldrEditor/components/Controls/Emoji/index.js","statementMap":{},"fnMap":{},"branchMap":{},"s":{},"f":{},"b":{},"_coverageSchema":"332fd63041d2c1bcb487cc26dd0d5f7d97098a6c","hash":"09701a2241270301cb306b4a2458ebec5b6c8045"}
,"/Users/steventruesdell/Projects/Boldr/main/packages/frontend/src/components/BoldrEditor/components/Controls/FontFamily/FontFamily.js": {"path":"/Users/steventruesdell/Projects/Boldr/main/packages/frontend/src/components/BoldrEditor/components/Controls/FontFamily/FontFamily.js","statementMap":{"0":{"start":{"line":22,"column":42},"end":{"line":22,"column":52}},"1":{"start":{"line":23,"column":4},"end":{"line":27,"column":5}},"2":{"start":{"line":24,"column":6},"end":{"line":26,"column":9}},"3":{"start":{"line":28,"column":4},"end":{"line":28,"column":55}},"4":{"start":{"line":32,"column":4},"end":{"line":37,"column":5}},"5":{"start":{"line":33,"column":6},"end":{"line":36,"column":9}},"6":{"start":{"line":41,"column":29},"end":{"line":41,"column":39}},"7":{"start":{"line":42,"column":4},"end":{"line":42,"column":57}},"8":{"start":{"line":46,"column":4},"end":{"line":48,"column":7}},"9":{"start":{"line":49,"column":4},"end":{"line":49,"column":32}},"10":{"start":{"line":53,"column":4},"end":{"line":53,"column":47}},"11":{"start":{"line":57,"column":4},"end":{"line":59,"column":7}},"12":{"start":{"line":63,"column":4},"end":{"line":65,"column":7}},"13":{"start":{"line":69,"column":38},"end":{"line":69,"column":48}},"14":{"start":{"line":70,"column":21},"end":{"line":70,"column":83}},"15":{"start":{"line":71,"column":4},"end":{"line":73,"column":5}},"16":{"start":{"line":72,"column":6},"end":{"line":72,"column":25}},"17":{"start":{"line":77,"column":23},"end":{"line":77,"column":33}},"18":{"start":{"line":78,"column":72},"end":{"line":78,"column":82}},"19":{"start":{"line":79,"column":32},"end":{"line":79,"column":68}},"20":{"start":{"line":80,"column":23},"end":{"line":80,"column":75}},"21":{"start":{"line":81,"column":4},"end":{"line":91,"column":6}}},"fnMap":{"0":{"name":"(anonymous_0)","decl":{"start":{"line":21,"column":2},"end":{"line":21,"column":3}},"loc":{"start":{"line":21,"column":29},"end":{"line":29,"column":3}},"line":21},"1":{"name":"(anonymous_1)","decl":{"start":{"line":31,"column":2},"end":{"line":31,"column":3}},"loc":{"start":{"line":31,"column":54},"end":{"line":38,"column":3}},"line":31},"2":{"name":"(anonymous_2)","decl":{"start":{"line":40,"column":2},"end":{"line":40,"column":3}},"loc":{"start":{"line":40,"column":31},"end":{"line":43,"column":3}},"line":40},"3":{"name":"(anonymous_3)","decl":{"start":{"line":45,"column":29},"end":{"line":45,"column":30}},"loc":{"start":{"line":45,"column":41},"end":{"line":50,"column":3}},"line":45},"4":{"name":"(anonymous_4)","decl":{"start":{"line":52,"column":28},"end":{"line":52,"column":29}},"loc":{"start":{"line":52,"column":40},"end":{"line":54,"column":3}},"line":52},"5":{"name":"(anonymous_5)","decl":{"start":{"line":56,"column":23},"end":{"line":56,"column":24}},"loc":{"start":{"line":56,"column":35},"end":{"line":60,"column":3}},"line":56},"6":{"name":"(anonymous_6)","decl":{"start":{"line":62,"column":25},"end":{"line":62,"column":26}},"loc":{"start":{"line":62,"column":37},"end":{"line":66,"column":3}},"line":62},"7":{"name":"(anonymous_7)","decl":{"start":{"line":68,"column":31},"end":{"line":68,"column":32}},"loc":{"start":{"line":68,"column":55},"end":{"line":74,"column":3}},"line":68},"8":{"name":"(anonymous_8)","decl":{"start":{"line":76,"column":2},"end":{"line":76,"column":3}},"loc":{"start":{"line":76,"column":19},"end":{"line":92,"column":3}},"line":76}},"branchMap":{"0":{"loc":{"start":{"line":23,"column":4},"end":{"line":27,"column":5}},"type":"if","locations":[{"start":{"line":23,"column":4},"end":{"line":27,"column":5}},{"start":{"line":23,"column":4},"end":{"line":27,"column":5}}],"line":23},"1":{"loc":{"start":{"line":32,"column":4},"end":{"line":37,"column":5}},"type":"if","locations":[{"start":{"line":32,"column":4},"end":{"line":37,"column":5}},{"start":{"line":32,"column":4},"end":{"line":37,"column":5}}],"line":32},"2":{"loc":{"start":{"line":32,"column":8},"end":{"line":32,"column":83}},"type":"binary-expr","locations":[{"start":{"line":32,"column":8},"end":{"line":32,"column":30}},{"start":{"line":32,"column":34},"end":{"line":32,"column":83}}],"line":32},"3":{"loc":{"start":{"line":71,"column":4},"end":{"line":73,"column":5}},"type":"if","locations":[{"start":{"line":71,"column":4},"end":{"line":73,"column":5}},{"start":{"line":71,"column":4},"end":{"line":73,"column":5}}],"line":71},"4":{"loc":{"start":{"line":79,"column":32},"end":{"line":79,"column":68}},"type":"binary-expr","locations":[{"start":{"line":79,"column":32},"end":{"line":79,"column":48}},{"start":{"line":79,"column":52},"end":{"line":79,"column":68}}],"line":79},"5":{"loc":{"start":{"line":80,"column":23},"end":{"line":80,"column":75}},"type":"binary-expr","locations":[{"start":{"line":80,"column":23},"end":{"line":80,"column":40}},{"start":{"line":80,"column":44},"end":{"line":80,"column":75}}],"line":80}},"s":{"0":3,"1":3,"2":3,"3":3,"4":0,"5":0,"6":0,"7":0,"8":0,"9":0,"10":0,"11":0,"12":0,"13":0,"14":0,"15":0,"16":0,"17":3,"18":3,"19":3,"20":3,"21":3},"f":{"0":3,"1":0,"2":0,"3":0,"4":0,"5":0,"6":0,"7":0,"8":3},"b":{"0":[3,0],"1":[0,0],"2":[0,0],"3":[0,0],"4":[3,3],"5":[3,0]},"_coverageSchema":"332fd63041d2c1bcb487cc26dd0d5f7d97098a6c","hash":"591839808c34f814ec2a1479cbd2544057350867"}
,"/Users/steventruesdell/Projects/Boldr/main/packages/frontend/src/components/BoldrEditor/components/Controls/FontFamily/FontFamilyLayout.js": {"path":"/Users/steventruesdell/Projects/Boldr/main/packages/frontend/src/components/BoldrEditor/components/Controls/FontFamily/FontFamilyLayout.js","statementMap":{"0":{"start":{"line":25,"column":22},"end":{"line":25,"column":73}},"1":{"start":{"line":26,"column":4},"end":{"line":32,"column":5}},"2":{"start":{"line":27,"column":21},"end":{"line":27,"column":58}},"3":{"start":{"line":28,"column":32},"end":{"line":28,"column":70}},"4":{"start":{"line":29,"column":6},"end":{"line":31,"column":9}},"5":{"start":{"line":36,"column":34},"end":{"line":36,"column":44}},"6":{"start":{"line":44,"column":8},"end":{"line":44,"column":18}},"7":{"start":{"line":45,"column":62},"end":{"line":45,"column":72}},"8":{"start":{"line":46,"column":4},"end":{"line":51,"column":27}},"9":{"start":{"line":50,"column":28},"end":{"line":50,"column":81}},"10":{"start":{"line":52,"column":4},"end":{"line":77,"column":6}},"11":{"start":{"line":71,"column":12},"end":{"line":73,"column":29}}},"fnMap":{"0":{"name":"(anonymous_0)","decl":{"start":{"line":24,"column":2},"end":{"line":24,"column":3}},"loc":{"start":{"line":24,"column":28},"end":{"line":33,"column":3}},"line":24},"1":{"name":"(anonymous_1)","decl":{"start":{"line":35,"column":2},"end":{"line":35,"column":3}},"loc":{"start":{"line":35,"column":11},"end":{"line":78,"column":3}},"line":35},"2":{"name":"(anonymous_2)","decl":{"start":{"line":50,"column":21},"end":{"line":50,"column":22}},"loc":{"start":{"line":50,"column":28},"end":{"line":50,"column":81}},"line":50},"3":{"name":"(anonymous_3)","decl":{"start":{"line":70,"column":23},"end":{"line":70,"column":24}},"loc":{"start":{"line":71,"column":12},"end":{"line":73,"column":29}},"line":71}},"branchMap":{"0":{"loc":{"start":{"line":26,"column":4},"end":{"line":32,"column":5}},"type":"if","locations":[{"start":{"line":26,"column":4},"end":{"line":32,"column":5}},{"start":{"line":26,"column":4},"end":{"line":32,"column":5}}],"line":26},"1":{"loc":{"start":{"line":26,"column":8},"end":{"line":26,"column":41}},"type":"binary-expr","locations":[{"start":{"line":26,"column":8},"end":{"line":26,"column":17}},{"start":{"line":26,"column":21},"end":{"line":26,"column":41}}],"line":26},"2":{"loc":{"start":{"line":47,"column":6},"end":{"line":51,"column":26}},"type":"binary-expr","locations":[{"start":{"line":47,"column":6},"end":{"line":47,"column":23}},{"start":{"line":48,"column":7},"end":{"line":48,"column":14}},{"start":{"line":49,"column":8},"end":{"line":49,"column":25}},{"start":{"line":50,"column":8},"end":{"line":50,"column":82}},{"start":{"line":51,"column":8},"end":{"line":51,"column":25}}],"line":47},"3":{"loc":{"start":{"line":68,"column":13},"end":{"line":68,"column":47}},"type":"binary-expr","locations":[{"start":{"line":68,"column":13},"end":{"line":68,"column":30}},{"start":{"line":68,"column":34},"end":{"line":68,"column":47}}],"line":68}},"s":{"0":2,"1":2,"2":0,"3":0,"4":0,"5":3,"6":3,"7":3,"8":3,"9":0,"10":3,"11":21},"f":{"0":2,"1":3,"2":0,"3":21},"b":{"0":[0,2],"1":[2,2],"2":[3,3,3,0,0],"3":[3,3]},"_coverageSchema":"332fd63041d2c1bcb487cc26dd0d5f7d97098a6c","hash":"2b39e141dac96b4e18a2af5a41f44ca50254de0f"}
,"/Users/steventruesdell/Projects/Boldr/main/packages/frontend/src/components/BoldrEditor/components/Controls/FontFamily/index.js": {"path":"/Users/steventruesdell/Projects/Boldr/main/packages/frontend/src/components/BoldrEditor/components/Controls/FontFamily/index.js","statementMap":{},"fnMap":{},"branchMap":{},"s":{},"f":{},"b":{},"_coverageSchema":"332fd63041d2c1bcb487cc26dd0d5f7d97098a6c","hash":"1035efcd6b53c6934eb33bca954ff8e1ca475ff7"}
,"/Users/steventruesdell/Projects/Boldr/main/packages/frontend/src/components/BoldrEditor/components/Controls/FontSize/FontSize.js": {"path":"/Users/steventruesdell/Projects/Boldr/main/packages/frontend/src/components/BoldrEditor/components/Controls/FontSize/FontSize.js","statementMap":{"0":{"start":{"line":22,"column":42},"end":{"line":22,"column":52}},"1":{"start":{"line":23,"column":4},"end":{"line":27,"column":5}},"2":{"start":{"line":24,"column":6},"end":{"line":26,"column":9}},"3":{"start":{"line":28,"column":4},"end":{"line":28,"column":55}},"4":{"start":{"line":32,"column":22},"end":{"line":32,"column":73}},"5":{"start":{"line":33,"column":4},"end":{"line":40,"column":5}},"6":{"start":{"line":34,"column":21},"end":{"line":34,"column":58}},"7":{"start":{"line":35,"column":28},"end":{"line":35,"column":64}},"8":{"start":{"line":36,"column":6},"end":{"line":36,"column":81}},"9":{"start":{"line":37,"column":6},"end":{"line":39,"column":9}},"10":{"start":{"line":44,"column":4},"end":{"line":49,"column":5}},"11":{"start":{"line":45,"column":6},"end":{"line":48,"column":9}},"12":{"start":{"line":53,"column":29},"end":{"line":53,"column":39}},"13":{"start":{"line":54,"column":4},"end":{"line":54,"column":57}},"14":{"start":{"line":58,"column":4},"end":{"line":60,"column":7}},"15":{"start":{"line":61,"column":4},"end":{"line":61,"column":32}},"16":{"start":{"line":65,"column":4},"end":{"line":65,"column":47}},"17":{"start":{"line":69,"column":4},"end":{"line":71,"column":7}},"18":{"start":{"line":75,"column":4},"end":{"line":77,"column":7}},"19":{"start":{"line":81,"column":38},"end":{"line":81,"column":48}},"20":{"start":{"line":82,"column":21},"end":{"line":82,"column":79}},"21":{"start":{"line":83,"column":4},"end":{"line":85,"column":5}},"22":{"start":{"line":84,"column":6},"end":{"line":84,"column":25}},"23":{"start":{"line":89,"column":23},"end":{"line":89,"column":33}},"24":{"start":{"line":90,"column":70},"end":{"line":90,"column":80}},"25":{"start":{"line":91,"column":30},"end":{"line":91,"column":64}},"26":{"start":{"line":92,"column":21},"end":{"line":92,"column":76}},"27":{"start":{"line":93,"column":4},"end":{"line":103,"column":6}}},"fnMap":{"0":{"name":"(anonymous_0)","decl":{"start":{"line":21,"column":2},"end":{"line":21,"column":3}},"loc":{"start":{"line":21,"column":29},"end":{"line":29,"column":3}},"line":21},"1":{"name":"(anonymous_1)","decl":{"start":{"line":31,"column":2},"end":{"line":31,"column":3}},"loc":{"start":{"line":31,"column":28},"end":{"line":41,"column":3}},"line":31},"2":{"name":"(anonymous_2)","decl":{"start":{"line":43,"column":2},"end":{"line":43,"column":3}},"loc":{"start":{"line":43,"column":54},"end":{"line":50,"column":3}},"line":43},"3":{"name":"(anonymous_3)","decl":{"start":{"line":52,"column":2},"end":{"line":52,"column":3}},"loc":{"start":{"line":52,"column":31},"end":{"line":55,"column":3}},"line":52},"4":{"name":"(anonymous_4)","decl":{"start":{"line":57,"column":29},"end":{"line":57,"column":30}},"loc":{"start":{"line":57,"column":41},"end":{"line":62,"column":3}},"line":57},"5":{"name":"(anonymous_5)","decl":{"start":{"line":64,"column":28},"end":{"line":64,"column":29}},"loc":{"start":{"line":64,"column":40},"end":{"line":66,"column":3}},"line":64},"6":{"name":"(anonymous_6)","decl":{"start":{"line":68,"column":23},"end":{"line":68,"column":24}},"loc":{"start":{"line":68,"column":35},"end":{"line":72,"column":3}},"line":68},"7":{"name":"(anonymous_7)","decl":{"start":{"line":74,"column":25},"end":{"line":74,"column":26}},"loc":{"start":{"line":74,"column":37},"end":{"line":78,"column":3}},"line":74},"8":{"name":"(anonymous_8)","decl":{"start":{"line":80,"column":29},"end":{"line":80,"column":30}},"loc":{"start":{"line":80,"column":51},"end":{"line":86,"column":3}},"line":80},"9":{"name":"(anonymous_9)","decl":{"start":{"line":88,"column":2},"end":{"line":88,"column":3}},"loc":{"start":{"line":88,"column":19},"end":{"line":104,"column":3}},"line":88}},"branchMap":{"0":{"loc":{"start":{"line":23,"column":4},"end":{"line":27,"column":5}},"type":"if","locations":[{"start":{"line":23,"column":4},"end":{"line":27,"column":5}},{"start":{"line":23,"column":4},"end":{"line":27,"column":5}}],"line":23},"1":{"loc":{"start":{"line":33,"column":4},"end":{"line":40,"column":5}},"type":"if","locations":[{"start":{"line":33,"column":4},"end":{"line":40,"column":5}},{"start":{"line":33,"column":4},"end":{"line":40,"column":5}}],"line":33},"2":{"loc":{"start":{"line":33,"column":8},"end":{"line":33,"column":41}},"type":"binary-expr","locations":[{"start":{"line":33,"column":8},"end":{"line":33,"column":17}},{"start":{"line":33,"column":21},"end":{"line":33,"column":41}}],"line":33},"3":{"loc":{"start":{"line":44,"column":4},"end":{"line":49,"column":5}},"type":"if","locations":[{"start":{"line":44,"column":4},"end":{"line":49,"column":5}},{"start":{"line":44,"column":4},"end":{"line":49,"column":5}}],"line":44},"4":{"loc":{"start":{"line":44,"column":8},"end":{"line":44,"column":83}},"type":"binary-expr","locations":[{"start":{"line":44,"column":8},"end":{"line":44,"column":30}},{"start":{"line":44,"column":34},"end":{"line":44,"column":83}}],"line":44},"5":{"loc":{"start":{"line":83,"column":4},"end":{"line":85,"column":5}},"type":"if","locations":[{"start":{"line":83,"column":4},"end":{"line":85,"column":5}},{"start":{"line":83,"column":4},"end":{"line":85,"column":5}}],"line":83},"6":{"loc":{"start":{"line":91,"column":30},"end":{"line":91,"column":64}},"type":"binary-expr","locations":[{"start":{"line":91,"column":30},"end":{"line":91,"column":46}},{"start":{"line":91,"column":50},"end":{"line":91,"column":64}}],"line":91},"7":{"loc":{"start":{"line":92,"column":21},"end":{"line":92,"column":76}},"type":"binary-expr","locations":[{"start":{"line":92,"column":21},"end":{"line":92,"column":36}},{"start":{"line":92,"column":40},"end":{"line":92,"column":76}}],"line":92}},"s":{"0":3,"1":3,"2":3,"3":3,"4":2,"5":2,"6":0,"7":0,"8":0,"9":0,"10":0,"11":0,"12":0,"13":0,"14":0,"15":0,"16":0,"17":0,"18":0,"19":0,"20":0,"21":0,"22":0,"23":3,"24":3,"25":3,"26":3,"27":3},"f":{"0":3,"1":2,"2":0,"3":0,"4":0,"5":0,"6":0,"7":0,"8":0,"9":3},"b":{"0":[3,0],"1":[0,2],"2":[2,2],"3":[0,0],"4":[0,0],"5":[0,0],"6":[3,3],"7":[3,0]},"_coverageSchema":"332fd63041d2c1bcb487cc26dd0d5f7d97098a6c","hash":"492a0f3a8eb9fa3fc8bc03aa4b9385dc02689b40"}
,"/Users/steventruesdell/Projects/Boldr/main/packages/frontend/src/components/BoldrEditor/components/Controls/FontSize/FontSizeLayout.js": {"path":"/Users/steventruesdell/Projects/Boldr/main/packages/frontend/src/components/BoldrEditor/components/Controls/FontSize/FontSizeLayout.js","statementMap":{"0":{"start":{"line":24,"column":22},"end":{"line":24,"column":73}},"1":{"start":{"line":25,"column":4},"end":{"line":32,"column":5}},"2":{"start":{"line":26,"column":21},"end":{"line":26,"column":58}},"3":{"start":{"line":27,"column":28},"end":{"line":27,"column":64}},"4":{"start":{"line":28,"column":6},"end":{"line":28,"column":81}},"5":{"start":{"line":29,"column":6},"end":{"line":31,"column":9}},"6":{"start":{"line":43,"column":8},"end":{"line":43,"column":18}},"7":{"start":{"line":44,"column":58},"end":{"line":44,"column":68}},"8":{"start":{"line":45,"column":30},"end":{"line":45,"column":40}},"9":{"start":{"line":46,"column":4},"end":{"line":46,"column":46}},"10":{"start":{"line":47,"column":4},"end":{"line":48,"column":95}},"11":{"start":{"line":49,"column":4},"end":{"line":78,"column":6}},"12":{"start":{"line":67,"column":12},"end":{"line":74,"column":29}}},"fnMap":{"0":{"name":"(anonymous_0)","decl":{"start":{"line":23,"column":2},"end":{"line":23,"column":3}},"loc":{"start":{"line":23,"column":28},"end":{"line":33,"column":3}},"line":23},"1":{"name":"(anonymous_1)","decl":{"start":{"line":35,"column":2},"end":{"line":35,"column":3}},"loc":{"start":{"line":35,"column":11},"end":{"line":79,"column":3}},"line":35},"2":{"name":"(anonymous_2)","decl":{"start":{"line":66,"column":23},"end":{"line":66,"column":24}},"loc":{"start":{"line":67,"column":12},"end":{"line":74,"column":29}},"line":67}},"branchMap":{"0":{"loc":{"start":{"line":25,"column":4},"end":{"line":32,"column":5}},"type":"if","locations":[{"start":{"line":25,"column":4},"end":{"line":32,"column":5}},{"start":{"line":25,"column":4},"end":{"line":32,"column":5}}],"line":25},"1":{"loc":{"start":{"line":25,"column":8},"end":{"line":25,"column":41}},"type":"binary-expr","locations":[{"start":{"line":25,"column":8},"end":{"line":25,"column":17}},{"start":{"line":25,"column":21},"end":{"line":25,"column":41}}],"line":25},"2":{"loc":{"start":{"line":48,"column":6},"end":{"line":48,"column":94}},"type":"binary-expr","locations":[{"start":{"line":48,"column":6},"end":{"line":48,"column":21}},{"start":{"line":48,"column":26},"end":{"line":48,"column":33}},{"start":{"line":48,"column":37},"end":{"line":48,"column":74}},{"start":{"line":48,"column":78},"end":{"line":48,"column":93}}],"line":48},"3":{"loc":{"start":{"line":61,"column":11},"end":{"line":65,"column":39}},"type":"cond-expr","locations":[{"start":{"line":62,"column":14},"end":{"line":64,"column":21}},{"start":{"line":65,"column":14},"end":{"line":65,"column":39}}],"line":61}},"s":{"0":2,"1":2,"2":0,"3":0,"4":0,"5":0,"6":3,"7":3,"8":3,"9":3,"10":3,"11":3,"12":33},"f":{"0":2,"1":3,"2":33},"b":{"0":[0,2],"1":[2,2],"2":[3,3,3,0],"3":[0,3]},"_coverageSchema":"332fd63041d2c1bcb487cc26dd0d5f7d97098a6c","hash":"4d69969ac354ca23de598df3b1631afcf35a9859"}
,"/Users/steventruesdell/Projects/Boldr/main/packages/frontend/src/components/BoldrEditor/components/Controls/FontSize/index.js": {"path":"/Users/steventruesdell/Projects/Boldr/main/packages/frontend/src/components/BoldrEditor/components/Controls/FontSize/index.js","statementMap":{},"fnMap":{},"branchMap":{},"s":{},"f":{},"b":{},"_coverageSchema":"332fd63041d2c1bcb487cc26dd0d5f7d97098a6c","hash":"f0d9af6c0081eadc407621520c54d264a3926757"}
,"/Users/steventruesdell/Projects/Boldr/main/packages/frontend/src/components/BoldrEditor/components/Controls/History/History.js": {"path":"/Users/steventruesdell/Projects/Boldr/main/packages/frontend/src/components/BoldrEditor/components/Controls/History/History.js","statementMap":{"0":{"start":{"line":23,"column":42},"end":{"line":23,"column":52}},"1":{"start":{"line":24,"column":4},"end":{"line":29,"column":5}},"2":{"start":{"line":25,"column":6},"end":{"line":28,"column":9}},"3":{"start":{"line":30,"column":4},"end":{"line":30,"column":55}},"4":{"start":{"line":34,"column":4},"end":{"line":39,"column":5}},"5":{"start":{"line":35,"column":6},"end":{"line":38,"column":9}},"6":{"start":{"line":43,"column":29},"end":{"line":43,"column":39}},"7":{"start":{"line":44,"column":4},"end":{"line":44,"column":57}},"8":{"start":{"line":48,"column":4},"end":{"line":50,"column":7}},"9":{"start":{"line":51,"column":4},"end":{"line":51,"column":32}},"10":{"start":{"line":55,"column":4},"end":{"line":55,"column":47}},"11":{"start":{"line":59,"column":4},"end":{"line":61,"column":7}},"12":{"start":{"line":65,"column":4},"end":{"line":67,"column":7}},"13":{"start":{"line":71,"column":38},"end":{"line":71,"column":48}},"14":{"start":{"line":72,"column":21},"end":{"line":72,"column":53}},"15":{"start":{"line":73,"column":4},"end":{"line":75,"column":5}},"16":{"start":{"line":74,"column":6},"end":{"line":74,"column":25}},"17":{"start":{"line":79,"column":23},"end":{"line":79,"column":33}},"18":{"start":{"line":80,"column":53},"end":{"line":80,"column":63}},"19":{"start":{"line":81,"column":29},"end":{"line":81,"column":62}},"20":{"start":{"line":82,"column":4},"end":{"line":92,"column":6}}},"fnMap":{"0":{"name":"(anonymous_0)","decl":{"start":{"line":22,"column":2},"end":{"line":22,"column":3}},"loc":{"start":{"line":22,"column":29},"end":{"line":31,"column":3}},"line":22},"1":{"name":"(anonymous_1)","decl":{"start":{"line":33,"column":2},"end":{"line":33,"column":3}},"loc":{"start":{"line":33,"column":54},"end":{"line":40,"column":3}},"line":33},"2":{"name":"(anonymous_2)","decl":{"start":{"line":42,"column":2},"end":{"line":42,"column":3}},"loc":{"start":{"line":42,"column":31},"end":{"line":45,"column":3}},"line":42},"3":{"name":"(anonymous_3)","decl":{"start":{"line":47,"column":29},"end":{"line":47,"column":30}},"loc":{"start":{"line":47,"column":41},"end":{"line":52,"column":3}},"line":47},"4":{"name":"(anonymous_4)","decl":{"start":{"line":54,"column":28},"end":{"line":54,"column":29}},"loc":{"start":{"line":54,"column":40},"end":{"line":56,"column":3}},"line":54},"5":{"name":"(anonymous_5)","decl":{"start":{"line":58,"column":23},"end":{"line":58,"column":24}},"loc":{"start":{"line":58,"column":35},"end":{"line":62,"column":3}},"line":58},"6":{"name":"(anonymous_6)","decl":{"start":{"line":64,"column":25},"end":{"line":64,"column":26}},"loc":{"start":{"line":64,"column":37},"end":{"line":68,"column":3}},"line":64},"7":{"name":"(anonymous_7)","decl":{"start":{"line":70,"column":23},"end":{"line":70,"column":24}},"loc":{"start":{"line":70,"column":33},"end":{"line":76,"column":3}},"line":70},"8":{"name":"(anonymous_8)","decl":{"start":{"line":78,"column":2},"end":{"line":78,"column":3}},"loc":{"start":{"line":78,"column":19},"end":{"line":93,"column":3}},"line":78}},"branchMap":{"0":{"loc":{"start":{"line":24,"column":4},"end":{"line":29,"column":5}},"type":"if","locations":[{"start":{"line":24,"column":4},"end":{"line":29,"column":5}},{"start":{"line":24,"column":4},"end":{"line":29,"column":5}}],"line":24},"1":{"loc":{"start":{"line":34,"column":4},"end":{"line":39,"column":5}},"type":"if","locations":[{"start":{"line":34,"column":4},"end":{"line":39,"column":5}},{"start":{"line":34,"column":4},"end":{"line":39,"column":5}}],"line":34},"2":{"loc":{"start":{"line":34,"column":8},"end":{"line":34,"column":83}},"type":"binary-expr","locations":[{"start":{"line":34,"column":8},"end":{"line":34,"column":30}},{"start":{"line":34,"column":34},"end":{"line":34,"column":83}}],"line":34},"3":{"loc":{"start":{"line":73,"column":4},"end":{"line":75,"column":5}},"type":"if","locations":[{"start":{"line":73,"column":4},"end":{"line":75,"column":5}},{"start":{"line":73,"column":4},"end":{"line":75,"column":5}}],"line":73},"4":{"loc":{"start":{"line":81,"column":29},"end":{"line":81,"column":62}},"type":"binary-expr","locations":[{"start":{"line":81,"column":29},"end":{"line":81,"column":45}},{"start":{"line":81,"column":49},"end":{"line":81,"column":62}}],"line":81}},"s":{"0":3,"1":3,"2":3,"3":3,"4":0,"5":0,"6":0,"7":0,"8":0,"9":0,"10":0,"11":0,"12":0,"13":0,"14":0,"15":0,"16":0,"17":3,"18":3,"19":3,"20":3},"f":{"0":3,"1":0,"2":0,"3":0,"4":0,"5":0,"6":0,"7":0,"8":3},"b":{"0":[3,0],"1":[0,0],"2":[0,0],"3":[0,0],"4":[3,3]},"_coverageSchema":"332fd63041d2c1bcb487cc26dd0d5f7d97098a6c","hash":"23b962dd71a4ce5fff0f838c22b3308e6de013da"}
,"/Users/steventruesdell/Projects/Boldr/main/packages/frontend/src/components/BoldrEditor/components/Controls/History/HistoryLayout.js": {"path":"/Users/steventruesdell/Projects/Boldr/main/packages/frontend/src/components/BoldrEditor/components/Controls/History/HistoryLayout.js","statementMap":{"0":{"start":{"line":23,"column":25},"end":{"line":23,"column":35}},"1":{"start":{"line":24,"column":4},"end":{"line":24,"column":18}},"2":{"start":{"line":35,"column":8},"end":{"line":35,"column":18}},"3":{"start":{"line":36,"column":73},"end":{"line":36,"column":79}},"4":{"start":{"line":37,"column":4},"end":{"line":70,"column":6}},"5":{"start":{"line":77,"column":8},"end":{"line":77,"column":18}},"6":{"start":{"line":78,"column":4},"end":{"line":104,"column":6}},"7":{"start":{"line":108,"column":23},"end":{"line":108,"column":33}},"8":{"start":{"line":109,"column":4},"end":{"line":111,"column":5}},"9":{"start":{"line":110,"column":6},"end":{"line":110,"column":37}},"10":{"start":{"line":112,"column":4},"end":{"line":112,"column":35}}},"fnMap":{"0":{"name":"(anonymous_0)","decl":{"start":{"line":22,"column":13},"end":{"line":22,"column":14}},"loc":{"start":{"line":22,"column":20},"end":{"line":25,"column":3}},"line":22},"1":{"name":"(anonymous_1)","decl":{"start":{"line":27,"column":2},"end":{"line":27,"column":3}},"loc":{"start":{"line":27,"column":29},"end":{"line":71,"column":3}},"line":27},"2":{"name":"(anonymous_2)","decl":{"start":{"line":73,"column":2},"end":{"line":73,"column":3}},"loc":{"start":{"line":73,"column":29},"end":{"line":105,"column":3}},"line":73},"3":{"name":"(anonymous_3)","decl":{"start":{"line":107,"column":2},"end":{"line":107,"column":3}},"loc":{"start":{"line":107,"column":19},"end":{"line":113,"column":3}},"line":107}},"branchMap":{"0":{"loc":{"start":{"line":49,"column":9},"end":{"line":58,"column":27}},"type":"binary-expr","locations":[{"start":{"line":49,"column":9},"end":{"line":49,"column":37}},{"start":{"line":50,"column":10},"end":{"line":58,"column":27}}],"line":49},"1":{"loc":{"start":{"line":59,"column":9},"end":{"line":68,"column":27}},"type":"binary-expr","locations":[{"start":{"line":59,"column":9},"end":{"line":59,"column":37}},{"start":{"line":60,"column":10},"end":{"line":68,"column":27}}],"line":59},"2":{"loc":{"start":{"line":83,"column":9},"end":{"line":92,"column":19}},"type":"binary-expr","locations":[{"start":{"line":83,"column":9},"end":{"line":83,"column":37}},{"start":{"line":84,"column":10},"end":{"line":92,"column":19}}],"line":83},"3":{"loc":{"start":{"line":93,"column":9},"end":{"line":102,"column":19}},"type":"binary-expr","locations":[{"start":{"line":93,"column":9},"end":{"line":93,"column":37}},{"start":{"line":94,"column":10},"end":{"line":102,"column":19}}],"line":93},"4":{"loc":{"start":{"line":109,"column":4},"end":{"line":111,"column":5}},"type":"if","locations":[{"start":{"line":109,"column":4},"end":{"line":111,"column":5}},{"start":{"line":109,"column":4},"end":{"line":111,"column":5}}],"line":109}},"s":{"0":0,"1":0,"2":0,"3":0,"4":0,"5":3,"6":3,"7":3,"8":3,"9":0,"10":3},"f":{"0":0,"1":0,"2":3,"3":3},"b":{"0":[0,0],"1":[0,0],"2":[3,3],"3":[3,3],"4":[0,3]},"_coverageSchema":"332fd63041d2c1bcb487cc26dd0d5f7d97098a6c","hash":"f56ac30f0ce0ce0100f18196bb0af882476152e7"}
,"/Users/steventruesdell/Projects/Boldr/main/packages/frontend/src/components/BoldrEditor/components/Controls/History/index.js": {"path":"/Users/steventruesdell/Projects/Boldr/main/packages/frontend/src/components/BoldrEditor/components/Controls/History/index.js","statementMap":{},"fnMap":{},"branchMap":{},"s":{},"f":{},"b":{},"_coverageSchema":"332fd63041d2c1bcb487cc26dd0d5f7d97098a6c","hash":"03cac4cb3086fd67ac752c9ce98e5839761b0b88"}
,"/Users/steventruesdell/Projects/Boldr/main/packages/frontend/src/components/BoldrEditor/components/Controls/Image/Image.js": {"path":"/Users/steventruesdell/Projects/Boldr/main/packages/frontend/src/components/BoldrEditor/components/Controls/Image/Image.js","statementMap":{"0":{"start":{"line":19,"column":29},"end":{"line":19,"column":39}},"1":{"start":{"line":20,"column":4},"end":{"line":20,"column":55}},"2":{"start":{"line":24,"column":29},"end":{"line":24,"column":39}},"3":{"start":{"line":25,"column":4},"end":{"line":25,"column":57}},"4":{"start":{"line":29,"column":4},"end":{"line":31,"column":7}},"5":{"start":{"line":32,"column":4},"end":{"line":32,"column":32}},"6":{"start":{"line":36,"column":4},"end":{"line":36,"column":47}},"7":{"start":{"line":40,"column":4},"end":{"line":42,"column":7}},"8":{"start":{"line":46,"column":4},"end":{"line":48,"column":7}},"9":{"start":{"line":52,"column":38},"end":{"line":52,"column":48}},"10":{"start":{"line":53,"column":22},"end":{"line":56,"column":32}},"11":{"start":{"line":57,"column":27},"end":{"line":57,"column":90}},"12":{"start":{"line":58,"column":4},"end":{"line":58,"column":29}},"13":{"start":{"line":59,"column":4},"end":{"line":59,"column":22}},"14":{"start":{"line":63,"column":23},"end":{"line":63,"column":33}},"15":{"start":{"line":64,"column":25},"end":{"line":64,"column":35}},"16":{"start":{"line":65,"column":27},"end":{"line":65,"column":58}},"17":{"start":{"line":66,"column":4},"end":{"line":75,"column":6}}},"fnMap":{"0":{"name":"(anonymous_0)","decl":{"start":{"line":18,"column":2},"end":{"line":18,"column":3}},"loc":{"start":{"line":18,"column":29},"end":{"line":21,"column":3}},"line":18},"1":{"name":"(anonymous_1)","decl":{"start":{"line":23,"column":2},"end":{"line":23,"column":3}},"loc":{"start":{"line":23,"column":31},"end":{"line":26,"column":3}},"line":23},"2":{"name":"(anonymous_2)","decl":{"start":{"line":28,"column":29},"end":{"line":28,"column":30}},"loc":{"start":{"line":28,"column":41},"end":{"line":33,"column":3}},"line":28},"3":{"name":"(anonymous_3)","decl":{"start":{"line":35,"column":28},"end":{"line":35,"column":29}},"loc":{"start":{"line":35,"column":40},"end":{"line":37,"column":3}},"line":35},"4":{"name":"(anonymous_4)","decl":{"start":{"line":39,"column":23},"end":{"line":39,"column":24}},"loc":{"start":{"line":39,"column":35},"end":{"line":43,"column":3}},"line":39},"5":{"name":"(anonymous_5)","decl":{"start":{"line":45,"column":25},"end":{"line":45,"column":26}},"loc":{"start":{"line":45,"column":37},"end":{"line":49,"column":3}},"line":45},"6":{"name":"(anonymous_6)","decl":{"start":{"line":51,"column":23},"end":{"line":51,"column":24}},"loc":{"start":{"line":51,"column":77},"end":{"line":60,"column":3}},"line":51},"7":{"name":"(anonymous_7)","decl":{"start":{"line":62,"column":2},"end":{"line":62,"column":3}},"loc":{"start":{"line":62,"column":19},"end":{"line":76,"column":3}},"line":62}},"branchMap":{"0":{"loc":{"start":{"line":65,"column":27},"end":{"line":65,"column":58}},"type":"binary-expr","locations":[{"start":{"line":65,"column":27},"end":{"line":65,"column":43}},{"start":{"line":65,"column":47},"end":{"line":65,"column":58}}],"line":65}},"s":{"0":4,"1":4,"2":0,"3":0,"4":0,"5":0,"6":1,"7":0,"8":0,"9":0,"10":0,"11":0,"12":0,"13":0,"14":4,"15":4,"16":4,"17":4},"f":{"0":4,"1":0,"2":0,"3":1,"4":0,"5":0,"6":0,"7":4},"b":{"0":[4,4]},"_coverageSchema":"332fd63041d2c1bcb487cc26dd0d5f7d97098a6c","hash":"a25aedb54c02600c3aca9146b9b8a9149810b6fe"}
,"/Users/steventruesdell/Projects/Boldr/main/packages/frontend/src/components/BoldrEditor/components/Controls/Image/ImageLayout.js": {"path":"/Users/steventruesdell/Projects/Boldr/main/packages/frontend/src/components/BoldrEditor/components/Controls/Image/ImageLayout.js","statementMap":{"0":{"start":{"line":30,"column":4},"end":{"line":46,"column":5}},"1":{"start":{"line":31,"column":6},"end":{"line":38,"column":9}},"2":{"start":{"line":39,"column":11},"end":{"line":46,"column":5}},"3":{"start":{"line":43,"column":6},"end":{"line":45,"column":9}},"4":{"start":{"line":50,"column":4},"end":{"line":52,"column":7}},"5":{"start":{"line":56,"column":29},"end":{"line":56,"column":57}},"6":{"start":{"line":57,"column":4},"end":{"line":59,"column":7}},"7":{"start":{"line":63,"column":4},"end":{"line":65,"column":7}},"8":{"start":{"line":69,"column":4},"end":{"line":71,"column":7}},"9":{"start":{"line":75,"column":38},"end":{"line":75,"column":48}},"10":{"start":{"line":76,"column":25},"end":{"line":76,"column":35}},"11":{"start":{"line":77,"column":4},"end":{"line":77,"column":36}},"12":{"start":{"line":81,"column":30},"end":{"line":81,"column":40}},"13":{"start":{"line":82,"column":25},"end":{"line":82,"column":35}},"14":{"start":{"line":83,"column":4},"end":{"line":83,"column":36}},"15":{"start":{"line":87,"column":4},"end":{"line":87,"column":27}},"16":{"start":{"line":88,"column":4},"end":{"line":88,"column":28}},"17":{"start":{"line":89,"column":4},"end":{"line":91,"column":7}},"18":{"start":{"line":94,"column":15},"end":{"line":94,"column":39}},"19":{"start":{"line":95,"column":22},"end":{"line":95,"column":26}},"20":{"start":{"line":98,"column":4},"end":{"line":101,"column":5}},"21":{"start":{"line":99,"column":6},"end":{"line":99,"column":38}},"22":{"start":{"line":100,"column":6},"end":{"line":100,"column":26}},"23":{"start":{"line":103,"column":4},"end":{"line":118,"column":5}},"24":{"start":{"line":104,"column":6},"end":{"line":117,"column":7}},"25":{"start":{"line":106,"column":8},"end":{"line":106,"column":17}},"26":{"start":{"line":107,"column":13},"end":{"line":117,"column":7}},"27":{"start":{"line":109,"column":8},"end":{"line":109,"column":17}},"28":{"start":{"line":110,"column":13},"end":{"line":117,"column":7}},"29":{"start":{"line":112,"column":8},"end":{"line":112,"column":17}},"30":{"start":{"line":113,"column":13},"end":{"line":117,"column":7}},"31":{"start":{"line":115,"column":21},"end":{"line":115,"column":64}},"32":{"start":{"line":116,"column":8},"end":{"line":116,"column":31}},"33":{"start":{"line":122,"column":4},"end":{"line":122,"column":32}},"34":{"start":{"line":123,"column":4},"end":{"line":125,"column":7}},"35":{"start":{"line":129,"column":4},"end":{"line":131,"column":5}},"36":{"start":{"line":130,"column":6},"end":{"line":130,"column":46}},"37":{"start":{"line":135,"column":4},"end":{"line":135,"column":34}},"38":{"start":{"line":136,"column":31},"end":{"line":136,"column":48}},"39":{"start":{"line":137,"column":4},"end":{"line":150,"column":9}},"40":{"start":{"line":139,"column":8},"end":{"line":142,"column":11}},"41":{"start":{"line":143,"column":8},"end":{"line":143,"column":44}},"42":{"start":{"line":146,"column":8},"end":{"line":149,"column":11}},"43":{"start":{"line":154,"column":4},"end":{"line":154,"column":27}},"44":{"start":{"line":155,"column":4},"end":{"line":155,"column":28}},"45":{"start":{"line":159,"column":4},"end":{"line":164,"column":5}},"46":{"start":{"line":160,"column":6},"end":{"line":160,"column":29}},"47":{"start":{"line":161,"column":6},"end":{"line":161,"column":30}},"48":{"start":{"line":163,"column":6},"end":{"line":163,"column":30}},"49":{"start":{"line":168,"column":86},"end":{"line":168,"column":96}},"50":{"start":{"line":172,"column":8},"end":{"line":172,"column":18}},"51":{"start":{"line":173,"column":4},"end":{"line":275,"column":6}},"52":{"start":{"line":279,"column":76},"end":{"line":279,"column":86}},"53":{"start":{"line":280,"column":4},"end":{"line":297,"column":6}}},"fnMap":{"0":{"name":"(anonymous_0)","decl":{"start":{"line":29,"column":2},"end":{"line":29,"column":3}},"loc":{"start":{"line":29,"column":49},"end":{"line":47,"column":3}},"line":29},"1":{"name":"(anonymous_1)","decl":{"start":{"line":49,"column":26},"end":{"line":49,"column":27}},"loc":{"start":{"line":49,"column":51},"end":{"line":53,"column":3}},"line":49},"2":{"name":"(anonymous_2)","decl":{"start":{"line":55,"column":37},"end":{"line":55,"column":38}},"loc":{"start":{"line":55,"column":49},"end":{"line":60,"column":3}},"line":55},"3":{"name":"(anonymous_3)","decl":{"start":{"line":62,"column":33},"end":{"line":62,"column":34}},"loc":{"start":{"line":62,"column":45},"end":{"line":66,"column":3}},"line":62},"4":{"name":"(anonymous_4)","decl":{"start":{"line":68,"column":36},"end":{"line":68,"column":37}},"loc":{"start":{"line":68,"column":48},"end":{"line":72,"column":3}},"line":68},"5":{"name":"(anonymous_5)","decl":{"start":{"line":74,"column":32},"end":{"line":74,"column":33}},"loc":{"start":{"line":74,"column":44},"end":{"line":78,"column":3}},"line":74},"6":{"name":"(anonymous_6)","decl":{"start":{"line":80,"column":34},"end":{"line":80,"column":35}},"loc":{"start":{"line":80,"column":60},"end":{"line":84,"column":3}},"line":80},"7":{"name":"(anonymous_7)","decl":{"start":{"line":86,"column":26},"end":{"line":86,"column":27}},"loc":{"s
[...]
,"/Users/steventruesdell/Projects/Boldr/main/packages/frontend/src/scenes/Blog/components/ArticleDate/ArticleDate.js": {"path":"/Users/steventruesdell/Projects/Boldr/main/packages/frontend/src/scenes/Blog/components/ArticleDate/ArticleDate.js","statementMap":{"0":{"start":{"line":12,"column":21},"end":{"line":12,"column":46}},"1":{"start":{"line":14,"column":20},"end":{"line":21,"column":1}},"2":{"start":{"line":15,"column":18},"end":{"line":15,"column":59}},"3":{"start":{"line":16,"column":2},"end":{"line":20,"column":4}}},"fnMap":{"0":{"name":"(anonymous_0)","decl":{"start":{"line":14,"column":20},"end":{"line":14,"column":21}},"loc":{"start":{"line":14,"column":38},"end":{"line":21,"column":1}},"line":14}},"branchMap":{},"s":{"0":2,"1":2,"2":2,"3":2},"f":{"0":2},"b":{},"_coverageSchema":"332fd63041d2c1bcb487cc26dd0d5f7d97098a6c","hash":"b87774b603cce9ed79a5d6aa030d055027cfced2"}
,"/Users/steventruesdell/Projects/Boldr/main/packages/frontend/src/scenes/Blog/components/ArticleDate/index.js": {"path":"/Users/steventruesdell/Projects/Boldr/main/packages/frontend/src/scenes/Blog/components/ArticleDate/index.js","statementMap":{},"fnMap":{},"branchMap":{},"s":{},"f":{},"b":{},"_coverageSchema":"332fd63041d2c1bcb487cc26dd0d5f7d97098a6c","hash":"8b1ff83434d40d4bd70f79ae49ec47eddbc02fdc"}
,"/Users/steventruesdell/Projects/Boldr/main/packages/frontend/src/scenes/Blog/components/ArticleImage/ArticleImage.js": {"path":"/Users/steventruesdell/Projects/Boldr/main/packages/frontend/src/scenes/Blog/components/ArticleImage/ArticleImage.js","statementMap":{"0":{"start":{"line":6,"column":21},"end":{"line":6,"column":52}},"1":{"start":{"line":7,"column":22},"end":{"line":7,"column":48}},"2":{"start":{"line":8,"column":21},"end":{"line":21,"column":1}},"3":{"start":{"line":14,"column":18},"end":{"line":14,"column":59}},"4":{"start":{"line":15,"column":19},"end":{"line":15,"column":60}},"5":{"start":{"line":16,"column":2},"end":{"line":20,"column":4}}},"fnMap":{"0":{"name":"(anonymous_0)","decl":{"start":{"line":8,"column":21},"end":{"line":8,"column":22}},"loc":{"start":{"line":13,"column":6},"end":{"line":21,"column":1}},"line":13}},"branchMap":{},"s":{"0":1,"1":1,"2":1,"3":1,"4":1,"5":1},"f":{"0":1},"b":{},"_coverageSchema":"332fd63041d2c1bcb487cc26dd0d5f7d97098a6c","hash":"270eee3ea013a8f115438a4c157d8cdce6ba1962"}
,"/Users/steventruesdell/Projects/Boldr/main/packages/frontend/src/scenes/Blog/components/ArticleSidebar/ArticleSidebar.js": {"path":"/Users/steventruesdell/Projects/Boldr/main/packages/frontend/src/scenes/Blog/components/ArticleSidebar/ArticleSidebar.js","statementMap":{"0":{"start":{"line":17,"column":21},"end":{"line":17,"column":49}},"1":{"start":{"line":19,"column":30},"end":{"line":29,"column":1}},"2":{"start":{"line":20,"column":21},"end":{"line":20,"column":26}},"3":{"start":{"line":22,"column":18},"end":{"line":22,"column":59}},"4":{"start":{"line":23,"column":2},"end":{"line":28,"column":4}}},"fnMap":{"0":{"name":"(anonymous_0)","decl":{"start":{"line":19,"column":30},"end":{"line":19,"column":31}},"loc":{"start":{"line":19,"column":48},"end":{"line":29,"column":1}},"line":19}},"branchMap":{},"s":{"0":1,"1":1,"2":1,"3":1,"4":1},"f":{"0":1},"b":{},"_coverageSchema":"332fd63041d2c1bcb487cc26dd0d5f7d97098a6c","hash":"afb91f5951b5bc30ba868bcfe71dbafa00ead458"}
,"/Users/steventruesdell/Projects/Boldr/main/packages/frontend/src/scenes/Blog/components/ArticleTitle/ArticleTitle.js": {"path":"/Users/steventruesdell/Projects/Boldr/main/packages/frontend/src/scenes/Blog/components/ArticleTitle/ArticleTitle.js","statementMap":{"0":{"start":{"line":8,"column":21},"end":{"line":13,"column":1}},"1":{"start":{"line":15,"column":21},"end":{"line":15,"column":47}},"2":{"start":{"line":17,"column":21},"end":{"line":26,"column":1}},"3":{"start":{"line":18,"column":18},"end":{"line":18,"column":51}},"4":{"start":{"line":19,"column":2},"end":{"line":25,"column":4}}},"fnMap":{"0":{"name":"(anonymous_0)","decl":{"start":{"line":17,"column":21},"end":{"line":17,"column":22}},"loc":{"start":{"line":17,"column":71},"end":{"line":26,"column":1}},"line":17}},"branchMap":{},"s":{"0":1,"1":1,"2":1,"3":2,"4":2},"f":{"0":2},"b":{},"_coverageSchema":"332fd63041d2c1bcb487cc26dd0d5f7d97098a6c","hash":"7fba97a78912b082ddd63dc7919083fcb0a41791"}
,"/Users/steventruesdell/Projects/Boldr/main/packages/frontend/src/scenes/Blog/components/Author/Author.js": {"path":"/Users/steventruesdell/Projects/Boldr/main/packages/frontend/src/scenes/Blog/components/Author/Author.js","statementMap":{"0":{"start":{"line":9,"column":21},"end":{"line":9,"column":56}},"1":{"start":{"line":11,"column":19},"end":{"line":17,"column":1}},"2":{"start":{"line":19,"column":17},"end":{"line":23,"column":1}},"3":{"start":{"line":30,"column":15},"end":{"line":65,"column":1}},"4":{"start":{"line":31,"column":21},"end":{"line":31,"column":26}},"5":{"start":{"line":32,"column":18},"end":{"line":32,"column":59}},"6":{"start":{"line":34,"column":4},"end":{"line":36,"column":11}},"7":{"start":{"line":38,"column":2},"end":{"line":64,"column":4}},"8":{"start":{"line":66,"column":21},"end":{"line":70,"column":1}},"9":{"start":{"line":71,"column":0},"end":{"line":71,"column":35}}},"fnMap":{"0":{"name":"(anonymous_0)","decl":{"start":{"line":30,"column":15},"end":{"line":30,"column":16}},"loc":{"start":{"line":30,"column":33},"end":{"line":65,"column":1}},"line":30}},"branchMap":{},"s":{"0":2,"1":2,"2":2,"3":2,"4":1,"5":1,"6":1,"7":1,"8":2,"9":2},"f":{"0":1},"b":{},"_coverageSchema":"332fd63041d2c1bcb487cc26dd0d5f7d97098a6c","hash":"1cbc960799ec919f1cb7dd8f414c26d2550f6cdb"}
,"/Users/steventruesdell/Projects/Boldr/main/packages/frontend/src/scenes/Blog/components/Author/index.js": {"path":"/Users/steventruesdell/Projects/Boldr/main/packages/frontend/src/scenes/Blog/components/Author/index.js","statementMap":{},"fnMap":{},"branchMap":{},"s":{},"f":{},"b":{},"_coverageSchema":"332fd63041d2c1bcb487cc26dd0d5f7d97098a6c","hash":"307eb2519eddd3f7f1c84b5b6598d2c8b105960c"}
,"/Users/steventruesdell/Projects/Boldr/main/packages/frontend/src/scenes/Blog/components/SidebarTags/SidebarTags.js": {"path":"/Users/steventruesdell/Projects/Boldr/main/packages/frontend/src/scenes/Blog/components/SidebarTags/SidebarTags.js","statementMap":{"0":{"start":{"line":13,"column":21},"end":{"line":13,"column":54}},"1":{"start":{"line":15,"column":20},"end":{"line":23,"column":1}},"2":{"start":{"line":16,"column":18},"end":{"line":16,"column":59}},"3":{"start":{"line":17,"column":2},"end":{"line":22,"column":4}}},"fnMap":{"0":{"name":"(anonymous_0)","decl":{"start":{"line":15,"column":20},"end":{"line":15,"column":21}},"loc":{"start":{"line":15,"column":38},"end":{"line":23,"column":1}},"line":15}},"branchMap":{},"s":{"0":2,"1":2,"2":1,"3":1},"f":{"0":1},"b":{},"_coverageSchema":"332fd63041d2c1bcb487cc26dd0d5f7d97098a6c","hash":"e4f99923842c36d5392e4bbcfb26e0dc724a87ad"}
,"/Users/steventruesdell/Projects/Boldr/main/packages/frontend/src/scenes/Blog/components/SidebarTags/index.js": {"path":"/Users/steventruesdell/Projects/Boldr/main/packages/frontend/src/scenes/Blog/components/SidebarTags/index.js","statementMap":{},"fnMap":{},"branchMap":{},"s":{},"f":{},"b":{},"_coverageSchema":"332fd63041d2c1bcb487cc26dd0d5f7d97098a6c","hash":"1a41e8b409a297f0285c7f3f674678b88e621201"}
,"/Users/steventruesdell/Projects/Boldr/main/packages/frontend/src/scenes/Blog/components/TagBlock/TagBlock.js": {"path":"/Users/steventruesdell/Projects/Boldr/main/packages/frontend/src/scenes/Blog/components/TagBlock/TagBlock.js","statementMap":{"0":{"start":{"line":9,"column":21},"end":{"line":9,"column":43}},"1":{"start":{"line":16,"column":17},"end":{"line":35,"column":1}},"2":{"start":{"line":17,"column":2},"end":{"line":19,"column":3}},"3":{"start":{"line":18,"column":4},"end":{"line":18,"column":16}},"4":{"start":{"line":21,"column":18},"end":{"line":21,"column":59}},"5":{"start":{"line":22,"column":2},"end":{"line":34,"column":4}},"6":{"start":{"line":25,"column":8},"end":{"line":31,"column":10}}},"fnMap":{"0":{"name":"(anonymous_0)","decl":{"start":{"line":16,"column":17},"end":{"line":16,"column":18}},"loc":{"start":{"line":16,"column":35},"end":{"line":35,"column":1}},"line":16},"1":{"name":"(anonymous_1)","decl":{"start":{"line":24,"column":22},"end":{"line":24,"column":23}},"loc":{"start":{"line":24,"column":29},"end":{"line":32,"column":7}},"line":24}},"branchMap":{"0":{"loc":{"start":{"line":17,"column":2},"end":{"line":19,"column":3}},"type":"if","locations":[{"start":{"line":17,"column":2},"end":{"line":19,"column":3}},{"start":{"line":17,"column":2},"end":{"line":19,"column":3}}],"line":17}},"s":{"0":4,"1":4,"2":3,"3":2,"4":1,"5":1,"6":2},"f":{"0":3,"1":2},"b":{"0":[2,1]},"_coverageSchema":"332fd63041d2c1bcb487cc26dd0d5f7d97098a6c","hash":"5746781afd625e340f18bb1ea1ec1fa3081cdb11"}
,"/Users/steventruesdell/Projects/Boldr/main/packages/frontend/src/scenes/Blog/components/TagBlock/index.js": {"path":"/Users/steventruesdell/Projects/Boldr/main/packages/frontend/src/scenes/Blog/components/TagBlock/index.js","statementMap":{},"fnMap":{},"branchMap":{},"s":{},"f":{},"b":{},"_coverageSchema":"332fd63041d2c1bcb487cc26dd0d5f7d97098a6c","hash":"f372f120b73ba9aa4e094a16a3d2add5cff83673"}
,"/Users/steventruesdell/Projects/Boldr/main/packages/frontend/src/scenes/Blog/state/actionTypes.js": {"path":"/Users/steventruesdell/Projects/Boldr/main/packages/frontend/src/scenes/Blog/state/actionTypes.js","statementMap":{"0":{"start":{"line":6,"column":38},"end":{"line":6,"column":74}},"1":{"start":{"line":7,"column":38},"end":{"line":7,"column":74}},"2":{"start":{"line":8,"column":38},"end":{"line":8,"column":74}},"3":{"start":{"line":10,"column":37},"end":{"line":10,"column":72}},"4":{"start":{"line":11,"column":37},"end":{"line":11,"column":72}},"5":{"start":{"line":12,"column":37},"end":{"line":12,"column":72}},"6":{"start":{"line":14,"column":38},"end":{"line":14,"column":81}},"7":{"start":{"line":15,"column":38},"end":{"line":15,"column":81}},"8":{"start":{"line":16,"column":38},"end":{"line":16,"column":81}},"9":{"start":{"line":18,"column":38},"end":{"line":18,"column":81}},"10":{"start":{"line":19,"column":38},"end":{"line":19,"column":81}},"11":{"start":{"line":20,"column":38},"end":{"line":20,"column":81}},"12":{"start":{"line":22,"column":38},"end":{"line":22,"column":81}},"13":{"start":{"line":23,"column":38},"end":{"line":23,"column":81}},"14":{"start":{"line":24,"column":38},"end":{"line":24,"column":81}},"15":{"start":{"line":26,"column":34},"end":{"line":26,"column":66}},"16":{"start":{"line":27,"column":30},"end":{"line":27,"column":58}},"17":{"start":{"line":28,"column":38},"end":{"line":28,"column":74}},"18":{"start":{"line":29,"column":38},"end":{"line":29,"column":74}},"19":{"start":{"line":31,"column":38},"end":{"line":31,"column":74}},"20":{"start":{"line":32,"column":38},"end":{"line":32,"column":74}},"21":{"start":{"line":33,"column":38},"end":{"line":33,"column":74}},"22":{"start":{"line":35,"column":38},"end":{"line":35,"column":74}},"23":{"start":{"line":36,"column":38},"end":{"line":36,"column":74}},"24":{"start":{"line":37,"column":38},"end":{"line":37,"column":74}},"25":{"start":{"line":44,"column":34},"end":{"line":44,"column":66}},"26":{"start":{"line":45,"column":34},"end":{"line":45,"column":66}},"27":{"start":{"line":46,"column":34},"end":{"line":46,"column":66}},"28":{"start":{"line":48,"column":41},"end":{"line":48,"column":80}},"29":{"start":{"line":49,"column":41},"end":{"line":49,"column":80}},"30":{"start":{"line":50,"column":41},"end":{"line":50,"column":80}},"31":{"start":{"line":52,"column":31},"end":{"line":52,"column":60}},"32":{"start":{"line":53,"column":31},"end":{"line":53,"column":60}},"33":{"start":{"line":54,"column":31},"end":{"line":54,"column":60}},"34":{"start":{"line":56,"column":34},"end":{"line":56,"column":66}},"35":{"start":{"line":57,"column":34},"end":{"line":57,"column":66}},"36":{"start":{"line":58,"column":34},"end":{"line":58,"column":66}},"37":{"start":{"line":60,"column":26},"end":{"line":60,"column":50}},"38":{"start":{"line":61,"column":25},"end":{"line":61,"column":48}}},"fnMap":{},"branchMap":{},"s":{"0":2,"1":2,"2":2,"3":2,"4":2,"5":2,"6":2,"7":2,"8":2,"9":2,"10":2,"11":2,"12":2,"13":2,"14":2,"15":2,"16":2,"17":2,"18":2,"19":2,"20":2,"21":2,"22":2,"23":2,"24":2,"25":2,"26":2,"27":2,"28":2,"29":2,"30":2,"31":2,"32":2,"33":2,"34":2,"35":2,"36":2,"37":2,"38":2},"f":{},"b":{},"_coverageSchema":"332fd63041d2c1bcb487cc26dd0d5f7d97098a6c","hash":"60a916fba0ce5471ba3553f967c880fe7dfe5f56"}
,"/Users/steventruesdell/Projects/Boldr/main/packages/frontend/src/scenes/Blog/state/actions.js": {"path":"/Users/steventruesdell/Projects/Boldr/main/packages/frontend/src/scenes/Blog/state/actions.js","statementMap":{"0":{"start":{"line":5,"column":2},"end":{"line":5,"column":40}},"1":{"start":{"line":9,"column":2},"end":{"line":12,"column":4}},"2":{"start":{"line":16,"column":2},"end":{"line":19,"column":4}},"3":{"start":{"line":23,"column":2},"end":{"line":25,"column":4}}},"fnMap":{"0":{"name":"togglePostLayoutView","decl":{"start":{"line":4,"column":16},"end":{"line":4,"column":36}},"loc":{"start":{"line":4,"column":39},"end":{"line":6,"column":1}},"line":4},"1":{"name":"selectArticle","decl":{"start":{"line":8,"column":16},"end":{"line":8,"column":29}},"loc":{"start":{"line":8,"column":47},"end":{"line":13,"column":1}},"line":8},"2":{"name":"selectTag","decl":{"start":{"line":15,"column":16},"end":{"line":15,"column":25}},"loc":{"start":{"line":15,"column":36},"end":{"line":20,"column":1}},"line":15},"3":{"name":"clearTag","decl":{"start":{"line":22,"column":16},"end":{"line":22,"column":24}},"loc":{"start":{"line":22,"column":27},"end":{"line":26,"column":1}},"line":22}},"branchMap":{},"s":{"0":0,"1":0,"2":0,"3":0},"f":{"0":0,"1":0,"2":0,"3":0},"b":{},"_coverageSchema":"332fd63041d2c1bcb487cc26dd0d5f7d97098a6c","hash":"bb420ddf333d585d4c3becc266a58ee599a9add1"}
,"/Users/steventruesdell/Projects/Boldr/main/packages/frontend/src/scenes/Blog/state/reducer.js": {"path":"/Users/steventruesdell/Projects/Boldr/main/packages/frontend/src/scenes/Blog/state/reducer.js","statementMap":{"0":{"start":{"line":4,"column":23},"end":{"line":14,"column":1}},"1":{"start":{"line":5,"column":2},"end":{"line":13,"column":3}},"2":{"start":{"line":7,"column":6},"end":{"line":10,"column":8}},"3":{"start":{"line":12,"column":6},"end":{"line":12,"column":19}},"4":{"start":{"line":16,"column":19},"end":{"line":27,"column":1}},"5":{"start":{"line":17,"column":2},"end":{"line":26,"column":3}},"6":{"start":{"line":19,"column":6},"end":{"line":22,"column":8}},"7":{"start":{"line":25,"column":6},"end":{"line":25,"column":19}},"8":{"start":{"line":29,"column":20},"end":{"line":32,"column":2}}},"fnMap":{"0":{"name":"(anonymous_0)","decl":{"start":{"line":4,"column":23},"end":{"line":4,"column":24}},"loc":{"start":{"line":4,"column":47},"end":{"line":14,"column":1}},"line":4},"1":{"name":"(anonymous_1)","decl":{"start":{"line":16,"column":19},"end":{"line":16,"column":20}},"loc":{"start":{"line":16,"column":43},"end":{"line":27,"column":1}},"line":16}},"branchMap":{"0":{"loc":{"start":{"line":4,"column":24},"end":{"line":4,"column":34}},"type":"default-arg","locations":[{"start":{"line":4,"column":32},"end":{"line":4,"column":34}}],"line":4},"1":{"loc":{"start":{"line":5,"column":2},"end":{"line":13,"column":3}},"type":"switch","locations":[{"start":{"line":6,"column":4},"end":{"line":10,"column":8}},{"start":{"line":11,"column":4},"end":{"line":12,"column":19}}],"line":5},"2":{"loc":{"start":{"line":16,"column":20},"end":{"line":16,"column":30}},"type":"default-arg","locations":[{"start":{"line":16,"column":28},"end":{"line":16,"column":30}}],"line":16},"3":{"loc":{"start":{"line":17,"column":2},"end":{"line":26,"column":3}},"type":"switch","locations":[{"start":{"line":18,"column":4},"end":{"line":22,"column":8}},{"start":{"line":24,"column":4},"end":{"line":25,"column":19}}],"line":17}},"s":{"0":1,"1":3,"2":0,"3":3,"4":1,"5":3,"6":0,"7":3,"8":1},"f":{"0":3,"1":3},"b":{"0":[3],"1":[0,3],"2":[3],"3":[0,3]},"_coverageSchema":"332fd63041d2c1bcb487cc26dd0d5f7d97098a6c","hash":"8dfd9b50f3bd600dc4240587d20a773c24e7e08d"}
,"/Users/steventruesdell/Projects/Boldr/main/packages/frontend/src/scenes/Profile/components/ProfileContent/ProfileContent.js": {"path":"/Users/steventruesdell/Projects/Boldr/main/packages/frontend/src/scenes/Profile/components/ProfileContent/ProfileContent.js","statementMap":{"0":{"start":{"line":15,"column":19},"end":{"line":20,"column":1}},"1":{"start":{"line":21,"column":19},"end":{"line":21,"column":43}},"2":{"start":{"line":22,"column":20},"end":{"line":27,"column":1}},"3":{"start":{"line":36,"column":23},"end":{"line":99,"column":1}},"4":{"start":{"line":37,"column":22},"end":{"line":37,"column":27}},"5":{"start":{"line":40,"column":4},"end":{"line":44,"column":18}},"6":{"start":{"line":46,"column":2},"end":{"line":98,"column":4}}},"fnMap":{"0":{"name":"(anonymous_0)","decl":{"start":{"line":36,"column":23},"end":{"line":36,"column":24}},"loc":{"start":{"line":36,"column":41},"end":{"line":99,"column":1}},"line":36}},"branchMap":{"0":{"loc":{"start":{"line":50,"column":11},"end":{"line":50,"column":40}},"type":"cond-expr","locations":[{"start":{"line":50,"column":22},"end":{"line":50,"column":33}},{"start":{"line":50,"column":36},"end":{"line":50,"column":40}}],"line":50}},"s":{"0":1,"1":1,"2":1,"3":1,"4":1,"5":1,"6":1},"f":{"0":1},"b":{"0":[0,1]},"_coverageSchema":"332fd63041d2c1bcb487cc26dd0d5f7d97098a6c","hash":"8e3296b908981a8c6ccc190a3625e051d96b012a"}
,"/Users/steventruesdell/Projects/Boldr/main/packages/frontend/src/scenes/Profile/components/ProfileDetail/ProfileDetail.js": {"path":"/Users/steventruesdell/Projects/Boldr/main/packages/frontend/src/scenes/Profile/components/ProfileDetail/ProfileDetail.js","statementMap":{"0":{"start":{"line":8,"column":20},"end":{"line":11,"column":1}},"1":{"start":{"line":18,"column":21},"end":{"line":18,"column":48}},"2":{"start":{"line":19,"column":22},"end":{"line":26,"column":1}},"3":{"start":{"line":20,"column":18},"end":{"line":20,"column":59}},"4":{"start":{"line":21,"column":2},"end":{"line":25,"column":4}}},"fnMap":{"0":{"name":"(anonymous_0)","decl":{"start":{"line":19,"column":22},"end":{"line":19,"column":23}},"loc":{"start":{"line":19,"column":40},"end":{"line":26,"column":1}},"line":19}},"branchMap":{},"s":{"0":2,"1":2,"2":2,"3":1,"4":1},"f":{"0":1},"b":{},"_coverageSchema":"332fd63041d2c1bcb487cc26dd0d5f7d97098a6c","hash":"7800b352209d2a802db988715940d85c1379539e"}
,"/Users/steventruesdell/Projects/Boldr/main/packages/frontend/src/scenes/Profile/components/ProfileDetail/index.js": {"path":"/Users/steventruesdell/Projects/Boldr/main/packages/frontend/src/scenes/Profile/components/ProfileDetail/index.js","statementMap":{},"fnMap":{},"branchMap":{},"s":{},"f":{},"b":{},"_coverageSchema":"332fd63041d2c1bcb487cc26dd0d5f7d97098a6c","hash":"d29236abd108429a32f6571958eb3a0e7632b4e9"}
,"/Users/steventruesdell/Projects/Boldr/main/packages/frontend/src/theme/styleClasses.js": {"path":"/Users/steventruesdell/Projects/Boldr/main/packages/frontend/src/theme/styleClasses.js","statementMap":{"0":{"start":{"line":1,"column":24},"end":{"line":1,"column":34}},"1":{"start":{"line":3,"column":28},"end":{"line":71,"column":1}}},"fnMap":{},"branchMap":{},"s":{"0":7,"1":7},"f":{},"b":{},"_coverageSchema":"332fd63041d2c1bcb487cc26dd0d5f7d97098a6c","hash":"cbfa225e44577c2b3e10f635a4c08ff5425528bc"}
}
